<?xml version="1.0" encoding="UTF-8"?>
<testsuite name="GuessAnimalTest" tests="1" skipped="0" failures="0" errors="0" timestamp="2021-03-23T21:01:32" hostname="Reds-MacBook-Pro.local" time="11.076">
  <properties/>
  <testcase name="start" classname="GuessAnimalTest" time="11.076"/>
  <system-out><![CDATA[?[1;31m
Start test 1?[0m
Scenario 'the-first-question' is started.

Good afternoon!

I want to learn about animals.
Which animal do you like most?
> cat
Wonderful! I've learned so much about animals!
Let's play a game!
You think of an animal, and I guess it.
Press enter when you're ready.
> 
Is it a cat?
Good afternoon!

I want to learn about animals.
Which animal do you like most?
> DOG
Wonderful! I've learned so much about animals!
Let's play a game!
You think of an animal, and I guess it.
Press enter when you're ready.
> 
Is it a dog?
Good afternoon!

I want to learn about animals.
Which animal do you like most?
> hare
Wonderful! I've learned so much about animals!
Let's play a game!
You think of an animal, and I guess it.
Press enter when you're ready.
> 
Is it a hare?
Good afternoon!

I want to learn about animals.
Which animal do you like most?
> WOLF
Wonderful! I've learned so much about animals!
Let's play a game!
You think of an animal, and I guess it.
Press enter when you're ready.
> 
Is it a wolf?
Good afternoon!

I want to learn about animals.
Which animal do you like most?
> uniCorn
Wonderful! I've learned so much about animals!
Let's play a game!
You think of an animal, and I guess it.
Press enter when you're ready.
> 
Is it an unicorn?
Good afternoon!

I want to learn about animals.
Which animal do you like most?
> uniCorn
Wonderful! I've learned so much about animals!
Let's play a game!
You think of an animal, and I guess it.
Press enter when you're ready.
> 
Is it an unicorn?
Good afternoon!

I want to learn about animals.
Which animal do you like most?
> A Unicorn
Wonderful! I've learned so much about animals!
Let's play a game!
You think of an animal, and I guess it.
Press enter when you're ready.
> 
Is it a unicorn?
Good afternoon!

I want to learn about animals.
Which animal do you like most?
> APE
Wonderful! I've learned so much about animals!
Let's play a game!
You think of an animal, and I guess it.
Press enter when you're ready.
> 
Is it an ape?
Good afternoon!

I want to learn about animals.
Which animal do you like most?
> uniCorn
Wonderful! I've learned so much about animals!
Let's play a game!
You think of an animal, and I guess it.
Press enter when you're ready.
> 
Is it an unicorn?
Good afternoon!

I want to learn about animals.
Which animal do you like most?
> uniCorn
Wonderful! I've learned so much about animals!
Let's play a game!
You think of an animal, and I guess it.
Press enter when you're ready.
> 
Is it an unicorn?
Good afternoon!

I want to learn about animals.
Which animal do you like most?
> linX
Wonderful! I've learned so much about animals!
Let's play a game!
You think of an animal, and I guess it.
Press enter when you're ready.
> 
Is it a linx?
?[1;31m
Start test 2?[0m
Scenario 'positive-answers' is started.

Good afternoon!

I want to learn about animals.
Which animal do you like most?
> cat
Wonderful! I've learned so much about animals!
Let's play a game!
You think of an animal, and I guess it.
Press enter when you're ready.
> 
Is it a cat?
> y
I won!

Would you like to play again?
Good afternoon!

I want to learn about animals.
Which animal do you like most?
> cat
Wonderful! I've learned so much about animals!
Let's play a game!
You think of an animal, and I guess it.
Press enter when you're ready.
> 
Is it a cat?
> Y
I won!

Would you like to play again?
Good afternoon!

I want to learn about animals.
Which animal do you like most?
> cat
Wonderful! I've learned so much about animals!
Let's play a game!
You think of an animal, and I guess it.
Press enter when you're ready.
> 
Is it a cat?
> y.
I won!

Would you like to play again?
Good afternoon!

I want to learn about animals.
Which animal do you like most?
> cat
Wonderful! I've learned so much about animals!
Let's play a game!
You think of an animal, and I guess it.
Press enter when you're ready.
> 
Is it a cat?
> Y.
I won!

Would you like to play again?
Good afternoon!

I want to learn about animals.
Which animal do you like most?
> cat
Wonderful! I've learned so much about animals!
Let's play a game!
You think of an animal, and I guess it.
Press enter when you're ready.
> 
Is it a cat?
> y!
I won!

Would you like to play again?
Good afternoon!

I want to learn about animals.
Which animal do you like most?
> cat
Wonderful! I've learned so much about animals!
Let's play a game!
You think of an animal, and I guess it.
Press enter when you're ready.
> 
Is it a cat?
> Y!
I won!

Would you like to play again?
Good afternoon!

I want to learn about animals.
Which animal do you like most?
> cat
Wonderful! I've learned so much about animals!
Let's play a game!
You think of an animal, and I guess it.
Press enter when you're ready.
> 
Is it a cat?
>    Yes
I won!

Would you like to play again?
Good afternoon!

I want to learn about animals.
Which animal do you like most?
> cat
Wonderful! I've learned so much about animals!
Let's play a game!
You think of an animal, and I guess it.
Press enter when you're ready.
> 
Is it a cat?
> Yes   
I won!

Would you like to play again?
Good afternoon!

I want to learn about animals.
Which animal do you like most?
> cat
Wonderful! I've learned so much about animals!
Let's play a game!
You think of an animal, and I guess it.
Press enter when you're ready.
> 
Is it a cat?
> yes
I won!

Would you like to play again?
Good afternoon!

I want to learn about animals.
Which animal do you like most?
> cat
Wonderful! I've learned so much about animals!
Let's play a game!
You think of an animal, and I guess it.
Press enter when you're ready.
> 
Is it a cat?
> Yes
I won!

Would you like to play again?
Good afternoon!

I want to learn about animals.
Which animal do you like most?
> cat
Wonderful! I've learned so much about animals!
Let's play a game!
You think of an animal, and I guess it.
Press enter when you're ready.
> 
Is it a cat?
> YES
I won!

Would you like to play again?
Good afternoon!

I want to learn about animals.
Which animal do you like most?
> cat
Wonderful! I've learned so much about animals!
Let's play a game!
You think of an animal, and I guess it.
Press enter when you're ready.
> 
Is it a cat?
> yes.
I won!

Would you like to play again?
Good afternoon!

I want to learn about animals.
Which animal do you like most?
> cat
Wonderful! I've learned so much about animals!
Let's play a game!
You think of an animal, and I guess it.
Press enter when you're ready.
> 
Is it a cat?
> Yes!
I won!

Would you like to play again?
Good afternoon!

I want to learn about animals.
Which animal do you like most?
> cat
Wonderful! I've learned so much about animals!
Let's play a game!
You think of an animal, and I guess it.
Press enter when you're ready.
> 
Is it a cat?
> YES!
I won!

Would you like to play again?
Good afternoon!

I want to learn about animals.
Which animal do you like most?
> cat
Wonderful! I've learned so much about animals!
Let's play a game!
You think of an animal, and I guess it.
Press enter when you're ready.
> 
Is it a cat?
> yES!
I won!

Would you like to play again?
Good afternoon!

I want to learn about animals.
Which animal do you like most?
> cat
Wonderful! I've learned so much about animals!
Let's play a game!
You think of an animal, and I guess it.
Press enter when you're ready.
> 
Is it a cat?
> YeS
I won!

Would you like to play again?
Good afternoon!

I want to learn about animals.
Which animal do you like most?
> cat
Wonderful! I've learned so much about animals!
Let's play a game!
You think of an animal, and I guess it.
Press enter when you're ready.
> 
Is it a cat?
> Yeah
I won!

Would you like to play again?
Good afternoon!

I want to learn about animals.
Which animal do you like most?
> cat
Wonderful! I've learned so much about animals!
Let's play a game!
You think of an animal, and I guess it.
Press enter when you're ready.
> 
Is it a cat?
> yeah
I won!

Would you like to play again?
Good afternoon!

I want to learn about animals.
Which animal do you like most?
> cat
Wonderful! I've learned so much about animals!
Let's play a game!
You think of an animal, and I guess it.
Press enter when you're ready.
> 
Is it a cat?
> Yeah!
I won!

Would you like to play again?
Good afternoon!

I want to learn about animals.
Which animal do you like most?
> cat
Wonderful! I've learned so much about animals!
Let's play a game!
You think of an animal, and I guess it.
Press enter when you're ready.
> 
Is it a cat?
> YeAh.
I won!

Would you like to play again?
Good afternoon!

I want to learn about animals.
Which animal do you like most?
> cat
Wonderful! I've learned so much about animals!
Let's play a game!
You think of an animal, and I guess it.
Press enter when you're ready.
> 
Is it a cat?
> YEAH
I won!

Would you like to play again?
Good afternoon!

I want to learn about animals.
Which animal do you like most?
> cat
Wonderful! I've learned so much about animals!
Let's play a game!
You think of an animal, and I guess it.
Press enter when you're ready.
> 
Is it a cat?
> yep
I won!

Would you like to play again?
Good afternoon!

I want to learn about animals.
Which animal do you like most?
> cat
Wonderful! I've learned so much about animals!
Let's play a game!
You think of an animal, and I guess it.
Press enter when you're ready.
> 
Is it a cat?
> yEp
I won!

Would you like to play again?
Good afternoon!

I want to learn about animals.
Which animal do you like most?
> cat
Wonderful! I've learned so much about animals!
Let's play a game!
You think of an animal, and I guess it.
Press enter when you're ready.
> 
Is it a cat?
> Yep!
I won!

Would you like to play again?
Good afternoon!

I want to learn about animals.
Which animal do you like most?
> cat
Wonderful! I've learned so much about animals!
Let's play a game!
You think of an animal, and I guess it.
Press enter when you're ready.
> 
Is it a cat?
> YEP.
I won!

Would you like to play again?
Good afternoon!

I want to learn about animals.
Which animal do you like most?
> cat
Wonderful! I've learned so much about animals!
Let's play a game!
You think of an animal, and I guess it.
Press enter when you're ready.
> 
Is it a cat?
> sure
I won!

Would you like to play again?
Good afternoon!

I want to learn about animals.
Which animal do you like most?
> cat
Wonderful! I've learned so much about animals!
Let's play a game!
You think of an animal, and I guess it.
Press enter when you're ready.
> 
Is it a cat?
> Sure!
I won!

Would you like to play again?
Good afternoon!

I want to learn about animals.
Which animal do you like most?
> cat
Wonderful! I've learned so much about animals!
Let's play a game!
You think of an animal, and I guess it.
Press enter when you're ready.
> 
Is it a cat?
> SURE!
I won!

Would you like to play again?
Good afternoon!

I want to learn about animals.
Which animal do you like most?
> cat
Wonderful! I've learned so much about animals!
Let's play a game!
You think of an animal, and I guess it.
Press enter when you're ready.
> 
Is it a cat?
> surE.
I won!

Would you like to play again?
Good afternoon!

I want to learn about animals.
Which animal do you like most?
> cat
Wonderful! I've learned so much about animals!
Let's play a game!
You think of an animal, and I guess it.
Press enter when you're ready.
> 
Is it a cat?
> right
I won!

Would you like to play again?
Good afternoon!

I want to learn about animals.
Which animal do you like most?
> cat
Wonderful! I've learned so much about animals!
Let's play a game!
You think of an animal, and I guess it.
Press enter when you're ready.
> 
Is it a cat?
> Right.
I won!

Would you like to play again?
Good afternoon!

I want to learn about animals.
Which animal do you like most?
> cat
Wonderful! I've learned so much about animals!
Let's play a game!
You think of an animal, and I guess it.
Press enter when you're ready.
> 
Is it a cat?
> Right!
I won!

Would you like to play again?
Good afternoon!

I want to learn about animals.
Which animal do you like most?
> cat
Wonderful! I've learned so much about animals!
Let's play a game!
You think of an animal, and I guess it.
Press enter when you're ready.
> 
Is it a cat?
> affirmative
I won!

Would you like to play again?
Good afternoon!

I want to learn about animals.
Which animal do you like most?
> cat
Wonderful! I've learned so much about animals!
Let's play a game!
You think of an animal, and I guess it.
Press enter when you're ready.
> 
Is it a cat?
> Affirmative!
I won!

Would you like to play again?
Good afternoon!

I want to learn about animals.
Which animal do you like most?
> cat
Wonderful! I've learned so much about animals!
Let's play a game!
You think of an animal, and I guess it.
Press enter when you're ready.
> 
Is it a cat?
> correct
I won!

Would you like to play again?
Good afternoon!

I want to learn about animals.
Which animal do you like most?
> cat
Wonderful! I've learned so much about animals!
Let's play a game!
You think of an animal, and I guess it.
Press enter when you're ready.
> 
Is it a cat?
> correct.
I won!

Would you like to play again?
Good afternoon!

I want to learn about animals.
Which animal do you like most?
> cat
Wonderful! I've learned so much about animals!
Let's play a game!
You think of an animal, and I guess it.
Press enter when you're ready.
> 
Is it a cat?
> indeed
I won!

Would you like to play again?
Good afternoon!

I want to learn about animals.
Which animal do you like most?
> cat
Wonderful! I've learned so much about animals!
Let's play a game!
You think of an animal, and I guess it.
Press enter when you're ready.
> 
Is it a cat?
> you bet
I won!

Would you like to play again?
Good afternoon!

I want to learn about animals.
Which animal do you like most?
> cat
Wonderful! I've learned so much about animals!
Let's play a game!
You think of an animal, and I guess it.
Press enter when you're ready.
> 
Is it a cat?
> exactly
I won!

Would you like to play again?
Good afternoon!

I want to learn about animals.
Which animal do you like most?
> cat
Wonderful! I've learned so much about animals!
Let's play a game!
You think of an animal, and I guess it.
Press enter when you're ready.
> 
Is it a cat?
> you said it.
I won!

Would you like to play again?
Good afternoon!

I want to learn about animals.
Which animal do you like most?
> cat
Wonderful! I've learned so much about animals!
Let's play a game!
You think of an animal, and I guess it.
Press enter when you're ready.
> 
Is it a cat?
> you said it!
I won!

Would you like to play again?
Good afternoon!

I want to learn about animals.
Which animal do you like most?
> cat
Wonderful! I've learned so much about animals!
Let's play a game!
You think of an animal, and I guess it.
Press enter when you're ready.
> 
Is it a cat?
> you said it
I won!

Would you like to play again?
?[1;31m
Start test 3?[0m
Scenario 'negative-answers' is started.

Good afternoon!

I want to learn about animals.
Which animal do you like most?
> cat
Wonderful! I've learned so much about animals!
Let's play a game!
You think of an animal, and I guess it.
Press enter when you're ready.
> 
Is it a cat?
> n
I give up. What animal do you have in mind?
Good afternoon!

I want to learn about animals.
Which animal do you like most?
> cat
Wonderful! I've learned so much about animals!
Let's play a game!
You think of an animal, and I guess it.
Press enter when you're ready.
> 
Is it a cat?
> N
I give up. What animal do you have in mind?
Good afternoon!

I want to learn about animals.
Which animal do you like most?
> cat
Wonderful! I've learned so much about animals!
Let's play a game!
You think of an animal, and I guess it.
Press enter when you're ready.
> 
Is it a cat?
> n.
I give up. What animal do you have in mind?
Good afternoon!

I want to learn about animals.
Which animal do you like most?
> cat
Wonderful! I've learned so much about animals!
Let's play a game!
You think of an animal, and I guess it.
Press enter when you're ready.
> 
Is it a cat?
> N.
I give up. What animal do you have in mind?
Good afternoon!

I want to learn about animals.
Which animal do you like most?
> cat
Wonderful! I've learned so much about animals!
Let's play a game!
You think of an animal, and I guess it.
Press enter when you're ready.
> 
Is it a cat?
> n!
I give up. What animal do you have in mind?
Good afternoon!

I want to learn about animals.
Which animal do you like most?
> cat
Wonderful! I've learned so much about animals!
Let's play a game!
You think of an animal, and I guess it.
Press enter when you're ready.
> 
Is it a cat?
> N!
I give up. What animal do you have in mind?
Good afternoon!

I want to learn about animals.
Which animal do you like most?
> cat
Wonderful! I've learned so much about animals!
Let's play a game!
You think of an animal, and I guess it.
Press enter when you're ready.
> 
Is it a cat?
>    No
I give up. What animal do you have in mind?
Good afternoon!

I want to learn about animals.
Which animal do you like most?
> cat
Wonderful! I've learned so much about animals!
Let's play a game!
You think of an animal, and I guess it.
Press enter when you're ready.
> 
Is it a cat?
> No   
I give up. What animal do you have in mind?
Good afternoon!

I want to learn about animals.
Which animal do you like most?
> cat
Wonderful! I've learned so much about animals!
Let's play a game!
You think of an animal, and I guess it.
Press enter when you're ready.
> 
Is it a cat?
> no
I give up. What animal do you have in mind?
Good afternoon!

I want to learn about animals.
Which animal do you like most?
> cat
Wonderful! I've learned so much about animals!
Let's play a game!
You think of an animal, and I guess it.
Press enter when you're ready.
> 
Is it a cat?
> nO
I give up. What animal do you have in mind?
Good afternoon!

I want to learn about animals.
Which animal do you like most?
> cat
Wonderful! I've learned so much about animals!
Let's play a game!
You think of an animal, and I guess it.
Press enter when you're ready.
> 
Is it a cat?
> NO
I give up. What animal do you have in mind?
Good afternoon!

I want to learn about animals.
Which animal do you like most?
> cat
Wonderful! I've learned so much about animals!
Let's play a game!
You think of an animal, and I guess it.
Press enter when you're ready.
> 
Is it a cat?
> No
I give up. What animal do you have in mind?
Good afternoon!

I want to learn about animals.
Which animal do you like most?
> cat
Wonderful! I've learned so much about animals!
Let's play a game!
You think of an animal, and I guess it.
Press enter when you're ready.
> 
Is it a cat?
> no.
I give up. What animal do you have in mind?
Good afternoon!

I want to learn about animals.
Which animal do you like most?
> cat
Wonderful! I've learned so much about animals!
Let's play a game!
You think of an animal, and I guess it.
Press enter when you're ready.
> 
Is it a cat?
> no!
I give up. What animal do you have in mind?
Good afternoon!

I want to learn about animals.
Which animal do you like most?
> cat
Wonderful! I've learned so much about animals!
Let's play a game!
You think of an animal, and I guess it.
Press enter when you're ready.
> 
Is it a cat?
> No!
I give up. What animal do you have in mind?
Good afternoon!

I want to learn about animals.
Which animal do you like most?
> cat
Wonderful! I've learned so much about animals!
Let's play a game!
You think of an animal, and I guess it.
Press enter when you're ready.
> 
Is it a cat?
> NO!
I give up. What animal do you have in mind?
Good afternoon!

I want to learn about animals.
Which animal do you like most?
> cat
Wonderful! I've learned so much about animals!
Let's play a game!
You think of an animal, and I guess it.
Press enter when you're ready.
> 
Is it a cat?
> no way
I give up. What animal do you have in mind?
Good afternoon!

I want to learn about animals.
Which animal do you like most?
> cat
Wonderful! I've learned so much about animals!
Let's play a game!
You think of an animal, and I guess it.
Press enter when you're ready.
> 
Is it a cat?
> no way!
I give up. What animal do you have in mind?
Good afternoon!

I want to learn about animals.
Which animal do you like most?
> cat
Wonderful! I've learned so much about animals!
Let's play a game!
You think of an animal, and I guess it.
Press enter when you're ready.
> 
Is it a cat?
> No Way!
I give up. What animal do you have in mind?
Good afternoon!

I want to learn about animals.
Which animal do you like most?
> cat
Wonderful! I've learned so much about animals!
Let's play a game!
You think of an animal, and I guess it.
Press enter when you're ready.
> 
Is it a cat?
> NO WAY!
I give up. What animal do you have in mind?
Good afternoon!

I want to learn about animals.
Which animal do you like most?
> cat
Wonderful! I've learned so much about animals!
Let's play a game!
You think of an animal, and I guess it.
Press enter when you're ready.
> 
Is it a cat?
> no waY.
I give up. What animal do you have in mind?
Good afternoon!

I want to learn about animals.
Which animal do you like most?
> cat
Wonderful! I've learned so much about animals!
Let's play a game!
You think of an animal, and I guess it.
Press enter when you're ready.
> 
Is it a cat?
> nah
I give up. What animal do you have in mind?
Good afternoon!

I want to learn about animals.
Which animal do you like most?
> cat
Wonderful! I've learned so much about animals!
Let's play a game!
You think of an animal, and I guess it.
Press enter when you're ready.
> 
Is it a cat?
> Nah.
I give up. What animal do you have in mind?
Good afternoon!

I want to learn about animals.
Which animal do you like most?
> cat
Wonderful! I've learned so much about animals!
Let's play a game!
You think of an animal, and I guess it.
Press enter when you're ready.
> 
Is it a cat?
> NAH!
I give up. What animal do you have in mind?
Good afternoon!

I want to learn about animals.
Which animal do you like most?
> cat
Wonderful! I've learned so much about animals!
Let's play a game!
You think of an animal, and I guess it.
Press enter when you're ready.
> 
Is it a cat?
> naH
I give up. What animal do you have in mind?
Good afternoon!

I want to learn about animals.
Which animal do you like most?
> cat
Wonderful! I've learned so much about animals!
Let's play a game!
You think of an animal, and I guess it.
Press enter when you're ready.
> 
Is it a cat?
> nope
I give up. What animal do you have in mind?
Good afternoon!

I want to learn about animals.
Which animal do you like most?
> cat
Wonderful! I've learned so much about animals!
Let's play a game!
You think of an animal, and I guess it.
Press enter when you're ready.
> 
Is it a cat?
> NoPe!
I give up. What animal do you have in mind?
Good afternoon!

I want to learn about animals.
Which animal do you like most?
> cat
Wonderful! I've learned so much about animals!
Let's play a game!
You think of an animal, and I guess it.
Press enter when you're ready.
> 
Is it a cat?
> NOPE.
I give up. What animal do you have in mind?
Good afternoon!

I want to learn about animals.
Which animal do you like most?
> cat
Wonderful! I've learned so much about animals!
Let's play a game!
You think of an animal, and I guess it.
Press enter when you're ready.
> 
Is it a cat?
> negative
I give up. What animal do you have in mind?
Good afternoon!

I want to learn about animals.
Which animal do you like most?
> cat
Wonderful! I've learned so much about animals!
Let's play a game!
You think of an animal, and I guess it.
Press enter when you're ready.
> 
Is it a cat?
> Negative.
I give up. What animal do you have in mind?
Good afternoon!

I want to learn about animals.
Which animal do you like most?
> cat
Wonderful! I've learned so much about animals!
Let's play a game!
You think of an animal, and I guess it.
Press enter when you're ready.
> 
Is it a cat?
> i don't think so
I give up. What animal do you have in mind?
Good afternoon!

I want to learn about animals.
Which animal do you like most?
> cat
Wonderful! I've learned so much about animals!
Let's play a game!
You think of an animal, and I guess it.
Press enter when you're ready.
> 
Is it a cat?
> I don't think so
I give up. What animal do you have in mind?
Good afternoon!

I want to learn about animals.
Which animal do you like most?
> cat
Wonderful! I've learned so much about animals!
Let's play a game!
You think of an animal, and I guess it.
Press enter when you're ready.
> 
Is it a cat?
> I don't think so.
I give up. What animal do you have in mind?
Good afternoon!

I want to learn about animals.
Which animal do you like most?
> cat
Wonderful! I've learned so much about animals!
Let's play a game!
You think of an animal, and I guess it.
Press enter when you're ready.
> 
Is it a cat?
> I don't Think SO.
I give up. What animal do you have in mind?
Good afternoon!

I want to learn about animals.
Which animal do you like most?
> cat
Wonderful! I've learned so much about animals!
Let's play a game!
You think of an animal, and I guess it.
Press enter when you're ready.
> 
Is it a cat?
> yeah no
I give up. What animal do you have in mind?
Good afternoon!

I want to learn about animals.
Which animal do you like most?
> cat
Wonderful! I've learned so much about animals!
Let's play a game!
You think of an animal, and I guess it.
Press enter when you're ready.
> 
Is it a cat?
> yeah no.
I give up. What animal do you have in mind?
Good afternoon!

I want to learn about animals.
Which animal do you like most?
> cat
Wonderful! I've learned so much about animals!
Let's play a game!
You think of an animal, and I guess it.
Press enter when you're ready.
> 
Is it a cat?
> yeah no!
I give up. What animal do you have in mind?
Good afternoon!

I want to learn about animals.
Which animal do you like most?
> cat
Wonderful! I've learned so much about animals!
Let's play a game!
You think of an animal, and I guess it.
Press enter when you're ready.
> 
Is it a cat?
> yeah NO!
I give up. What animal do you have in mind?
?[1;31m
Start test 4?[0m
Scenario 'unclear-answers' is started.

Good afternoon!

I want to learn about animals.
Which animal do you like most?
> cat
Wonderful! I've learned so much about animals!
Let's play a game!
You think of an animal, and I guess it.
Press enter when you're ready.
> 
Is it a cat?
> y..
Oh, it's too complicated for me: just tell me yes or no.
Good afternoon!

I want to learn about animals.
Which animal do you like most?
> cat
Wonderful! I've learned so much about animals!
Let's play a game!
You think of an animal, and I guess it.
Press enter when you're ready.
> 
Is it a cat?
> Y!.
Oh, it's too complicated for me: just tell me yes or no.
Good afternoon!

I want to learn about animals.
Which animal do you like most?
> cat
Wonderful! I've learned so much about animals!
Let's play a game!
You think of an animal, and I guess it.
Press enter when you're ready.
> 
Is it a cat?
> ye
Could you please simply say yes or no?
Good afternoon!

I want to learn about animals.
Which animal do you like most?
> cat
Wonderful! I've learned so much about animals!
Let's play a game!
You think of an animal, and I guess it.
Press enter when you're ready.
> 
Is it a cat?
> jes
Oh, it's too complicated for me: just tell me yes or no.
Good afternoon!

I want to learn about animals.
Which animal do you like most?
> cat
Wonderful! I've learned so much about animals!
Let's play a game!
You think of an animal, and I guess it.
Press enter when you're ready.
> 
Is it a cat?
> Jes
Could you please simply say yes or no?
Good afternoon!

I want to learn about animals.
Which animal do you like most?
> cat
Wonderful! I've learned so much about animals!
Let's play a game!
You think of an animal, and I guess it.
Press enter when you're ready.
> 
Is it a cat?
> yes...
Funny, I still don't understand, is it yes or no?
Good afternoon!

I want to learn about animals.
Which animal do you like most?
> cat
Wonderful! I've learned so much about animals!
Let's play a game!
You think of an animal, and I guess it.
Press enter when you're ready.
> 
Is it a cat?
> да
Oh, no, don't try to confuse me: say yes or no.
Good afternoon!

I want to learn about animals.
Which animal do you like most?
> cat
Wonderful! I've learned so much about animals!
Let's play a game!
You think of an animal, and I guess it.
Press enter when you're ready.
> 
Is it a cat?
> Так
Funny, I still don't understand, is it yes or no?
Good afternoon!

I want to learn about animals.
Which animal do you like most?
> cat
Wonderful! I've learned so much about animals!
Let's play a game!
You think of an animal, and I guess it.
Press enter when you're ready.
> 
Is it a cat?
> yes, yes
Funny, I still don't understand, is it yes or no?
Good afternoon!

I want to learn about animals.
Which animal do you like most?
> cat
Wonderful! I've learned so much about animals!
Let's play a game!
You think of an animal, and I guess it.
Press enter when you're ready.
> 
Is it a cat?
> Yea
Oh, it's too complicated for me: just tell me yes or no.
Good afternoon!

I want to learn about animals.
Which animal do you like most?
> cat
Wonderful! I've learned so much about animals!
Let's play a game!
You think of an animal, and I guess it.
Press enter when you're ready.
> 
Is it a cat?
> Ja
I'm not sure I caught you: was it yes or no?
Good afternoon!

I want to learn about animals.
Which animal do you like most?
> cat
Wonderful! I've learned so much about animals!
Let's play a game!
You think of an animal, and I guess it.
Press enter when you're ready.
> 
Is it a cat?
> Jawohl!
Oh, no, don't try to confuse me: say yes or no.
Good afternoon!

I want to learn about animals.
Which animal do you like most?
> cat
Wonderful! I've learned so much about animals!
Let's play a game!
You think of an animal, and I guess it.
Press enter when you're ready.
> 
Is it a cat?
> ja natürlich!
Funny, I still don't understand, is it yes or no?
Good afternoon!

I want to learn about animals.
Which animal do you like most?
> cat
Wonderful! I've learned so much about animals!
Let's play a game!
You think of an animal, and I guess it.
Press enter when you're ready.
> 
Is it a cat?
> so genau
Funny, I still don't understand, is it yes or no?
Good afternoon!

I want to learn about animals.
Which animal do you like most?
> cat
Wonderful! I've learned so much about animals!
Let's play a game!
You think of an animal, and I guess it.
Press enter when you're ready.
> 
Is it a cat?
> 1
Oh, it's too complicated for me: just tell me yes or no.
Good afternoon!

I want to learn about animals.
Which animal do you like most?
> cat
Wonderful! I've learned so much about animals!
Let's play a game!
You think of an animal, and I guess it.
Press enter when you're ready.
> 
Is it a cat?
> +
I'm not sure I caught you: was it yes or no?
Good afternoon!

I want to learn about animals.
Which animal do you like most?
> cat
Wonderful! I've learned so much about animals!
Let's play a game!
You think of an animal, and I guess it.
Press enter when you're ready.
> 
Is it a cat?
> yepi
I'm not sure I caught you: was it yes or no?
Good afternoon!

I want to learn about animals.
Which animal do you like most?
> cat
Wonderful! I've learned so much about animals!
Let's play a game!
You think of an animal, and I guess it.
Press enter when you're ready.
> 
Is it a cat?
> Yep!!
Oh, no, don't try to confuse me: say yes or no.
Good afternoon!

I want to learn about animals.
Which animal do you like most?
> cat
Wonderful! I've learned so much about animals!
Let's play a game!
You think of an animal, and I guess it.
Press enter when you're ready.
> 
Is it a cat?
> Yes, sure!
Oh, no, don't try to confuse me: say yes or no.
Good afternoon!

I want to learn about animals.
Which animal do you like most?
> cat
Wonderful! I've learned so much about animals!
Let's play a game!
You think of an animal, and I guess it.
Press enter when you're ready.
> 
Is it a cat?
> Ok
I'm not sure I caught you: was it yes or no?
Good afternoon!

I want to learn about animals.
Which animal do you like most?
> cat
Wonderful! I've learned so much about animals!
Let's play a game!
You think of an animal, and I guess it.
Press enter when you're ready.
> 
Is it a cat?
> Rights
Funny, I still don't understand, is it yes or no?
Good afternoon!

I want to learn about animals.
Which animal do you like most?
> cat
Wonderful! I've learned so much about animals!
Let's play a game!
You think of an animal, and I guess it.
Press enter when you're ready.
> 
Is it a cat?
> affErmative
I'm not sure I caught you: was it yes or no?
Good afternoon!

I want to learn about animals.
Which animal do you like most?
> cat
Wonderful! I've learned so much about animals!
Let's play a game!
You think of an animal, and I guess it.
Press enter when you're ready.
> 
Is it a cat?
> n..
Oh, no, don't try to confuse me: say yes or no.
Good afternoon!

I want to learn about animals.
Which animal do you like most?
> cat
Wonderful! I've learned so much about animals!
Let's play a game!
You think of an animal, and I guess it.
Press enter when you're ready.
> 
Is it a cat?
> N!!
Funny, I still don't understand, is it yes or no?
Good afternoon!

I want to learn about animals.
Which animal do you like most?
> cat
Wonderful! I've learned so much about animals!
Let's play a game!
You think of an animal, and I guess it.
Press enter when you're ready.
> 
Is it a cat?
> nea
Oh, it's too complicated for me: just tell me yes or no.
Good afternoon!

I want to learn about animals.
Which animal do you like most?
> cat
Wonderful! I've learned so much about animals!
Let's play a game!
You think of an animal, and I guess it.
Press enter when you're ready.
> 
Is it a cat?
> nop
Oh, it's too complicated for me: just tell me yes or no.
Good afternoon!

I want to learn about animals.
Which animal do you like most?
> cat
Wonderful! I've learned so much about animals!
Let's play a game!
You think of an animal, and I guess it.
Press enter when you're ready.
> 
Is it a cat?
> noppi
Oh, no, don't try to confuse me: say yes or no.
Good afternoon!

I want to learn about animals.
Which animal do you like most?
> cat
Wonderful! I've learned so much about animals!
Let's play a game!
You think of an animal, and I guess it.
Press enter when you're ready.
> 
Is it a cat?
> no wa
I'm not sure I caught you: was it yes or no?
Good afternoon!

I want to learn about animals.
Which animal do you like most?
> cat
Wonderful! I've learned so much about animals!
Let's play a game!
You think of an animal, and I guess it.
Press enter when you're ready.
> 
Is it a cat?
> no way!!!
Oh, no, don't try to confuse me: say yes or no.
Good afternoon!

I want to learn about animals.
Which animal do you like most?
> cat
Wonderful! I've learned so much about animals!
Let's play a game!
You think of an animal, and I guess it.
Press enter when you're ready.
> 
Is it a cat?
> na
Could you please simply say yes or no?
Good afternoon!

I want to learn about animals.
Which animal do you like most?
> cat
Wonderful! I've learned so much about animals!
Let's play a game!
You think of an animal, and I guess it.
Press enter when you're ready.
> 
Is it a cat?
> nahi
Funny, I still don't understand, is it yes or no?
Good afternoon!

I want to learn about animals.
Which animal do you like most?
> cat
Wonderful! I've learned so much about animals!
Let's play a game!
You think of an animal, and I guess it.
Press enter when you're ready.
> 
Is it a cat?
> nega
Could you please simply say yes or no?
Good afternoon!

I want to learn about animals.
Which animal do you like most?
> cat
Wonderful! I've learned so much about animals!
Let's play a game!
You think of an animal, and I guess it.
Press enter when you're ready.
> 
Is it a cat?
> negat
Funny, I still don't understand, is it yes or no?
Good afternoon!

I want to learn about animals.
Which animal do you like most?
> cat
Wonderful! I've learned so much about animals!
Let's play a game!
You think of an animal, and I guess it.
Press enter when you're ready.
> 
Is it a cat?
> negati
I'm not sure I caught you: was it yes or no?
Good afternoon!

I want to learn about animals.
Which animal do you like most?
> cat
Wonderful! I've learned so much about animals!
Let's play a game!
You think of an animal, and I guess it.
Press enter when you're ready.
> 
Is it a cat?
> negativ
Funny, I still don't understand, is it yes or no?
Good afternoon!

I want to learn about animals.
Which animal do you like most?
> cat
Wonderful! I've learned so much about animals!
Let's play a game!
You think of an animal, and I guess it.
Press enter when you're ready.
> 
Is it a cat?
> i don't think..
Oh, it's too complicated for me: just tell me yes or no.
Good afternoon!

I want to learn about animals.
Which animal do you like most?
> cat
Wonderful! I've learned so much about animals!
Let's play a game!
You think of an animal, and I guess it.
Press enter when you're ready.
> 
Is it a cat?
> i don't
Funny, I still don't understand, is it yes or no?
Good afternoon!

I want to learn about animals.
Which animal do you like most?
> cat
Wonderful! I've learned so much about animals!
Let's play a game!
You think of an animal, and I guess it.
Press enter when you're ready.
> 
Is it a cat?
> i
I'm not sure I caught you: was it yes or no?
Good afternoon!

I want to learn about animals.
Which animal do you like most?
> cat
Wonderful! I've learned so much about animals!
Let's play a game!
You think of an animal, and I guess it.
Press enter when you're ready.
> 
Is it a cat?
> I no
I'm not sure I caught you: was it yes or no?
Good afternoon!

I want to learn about animals.
Which animal do you like most?
> cat
Wonderful! I've learned so much about animals!
Let's play a game!
You think of an animal, and I guess it.
Press enter when you're ready.
> 
Is it a cat?
> i don't think so...
I'm not sure I caught you: was it yes or no?
Good afternoon!

I want to learn about animals.
Which animal do you like most?
> cat
Wonderful! I've learned so much about animals!
Let's play a game!
You think of an animal, and I guess it.
Press enter when you're ready.
> 
Is it a cat?
> null
I'm not sure I caught you: was it yes or no?
?[1;31m
Start test 5?[0m
Scenario 'file-formats' is started.

Good afternoon!

I want to learn about animals.
Which animal do you like most?
> cat
Wonderful! I've learned so much about animals!
Let's play a game!
You think of an animal, and I guess it.
Press enter when you're ready.
> 
Is it a cat?
> no
I give up. What animal do you have in mind?
> dog
Specify a fact that distinguishes a cat from a dog.
The sentence should be of the format: 'It can/has/is ...'.
> It can climbs tree
Is the statement correct for a dog?
> No
I have learned the following facts about animals:
- The cat can climbs tree.
- The dog can't climbs tree.
I can distinguish these animals by asking the question:
- Can it climbs tree?
Wonderful! I've learned so much about animals!

Would you like to play again?
> Yes
Ow yes!

You think of an animal, and I guess it.
Press enter when you're ready.
> 
Can it climbs tree?
> Yes
Is it a cat?
> No
I give up. What animal do you have in mind?
> a lynx
Specify a fact that distinguishes a cat from a lynx.
The sentence should be of the format: 'It can/has/is ...'.
> It is living in the forest
Is the statement correct for a lynx?
> Yes
I have learned the following facts about animals:
- The cat isn't living in the forest.
- The lynx is living in the forest.
I can distinguish these animals by asking the question:
- Is it living in the forest?
Wonderful! I've learned so much about animals!

Would you like to play again?
> No

Te visurum
You think of an animal, and I guess it.
Press enter when you're ready.
> 
Can it climbs tree?
> yes
Is it living in the forest?
> sure
Is it a lynx?
> right
I won!

Would you like to play again?
> No

Te visurum
Good afternoon!

I want to learn about animals.
Which animal do you like most?
> cat
Wonderful! I've learned so much about animals!
Let's play a game!
You think of an animal, and I guess it.
Press enter when you're ready.
> 
Is it a cat?
> no
I give up. What animal do you have in mind?
> dog
Specify a fact that distinguishes a cat from a dog.
The sentence should be of the format: 'It can/has/is ...'.
> It can climbs tree
Is the statement correct for a dog?
> No
I have learned the following facts about animals:
- The cat can climbs tree.
- The dog can't climbs tree.
I can distinguish these animals by asking the question:
- Can it climbs tree?
Wonderful! I've learned so much about animals!

Would you like to play again?
> Yes
Ow yes!

You think of an animal, and I guess it.
Press enter when you're ready.
> 
Can it climbs tree?
> Yes
Is it a cat?
> No
I give up. What animal do you have in mind?
> a lynx
Specify a fact that distinguishes a cat from a lynx.
The sentence should be of the format: 'It can/has/is ...'.
> It is living in the forest
Is the statement correct for a lynx?
> Yes
I have learned the following facts about animals:
- The cat isn't living in the forest.
- The lynx is living in the forest.
I can distinguish these animals by asking the question:
- Is it living in the forest?
Wonderful! I've learned so much about animals!

Would you like to play again?
> No

Au revoir
You think of an animal, and I guess it.
Press enter when you're ready.
> 
Can it climbs tree?
> yes
Is it living in the forest?
> sure
Is it a lynx?
> right
I won!

Would you like to play again?
> No

Bye!
Good afternoon!

I want to learn about animals.
Which animal do you like most?
> cat
Wonderful! I've learned so much about animals!
Let's play a game!
You think of an animal, and I guess it.
Press enter when you're ready.
> 
Is it a cat?
> no
I give up. What animal do you have in mind?
> dog
Specify a fact that distinguishes a cat from a dog.
The sentence should be of the format: 'It can/has/is ...'.
> It can climbs tree
Is the statement correct for a dog?
> No
I have learned the following facts about animals:
- The cat can climbs tree.
- The dog can't climbs tree.
I can distinguish these animals by asking the question:
- Can it climbs tree?
Wonderful! I've learned so much about animals!

Would you like to play again?
> Yes
Ow yes!

You think of an animal, and I guess it.
Press enter when you're ready.
> 
Can it climbs tree?
> Yes
Is it a cat?
> No
I give up. What animal do you have in mind?
> a lynx
Specify a fact that distinguishes a cat from a lynx.
The sentence should be of the format: 'It can/has/is ...'.
> It is living in the forest
Is the statement correct for a lynx?
> Yes
I have learned the following facts about animals:
- The cat isn't living in the forest.
- The lynx is living in the forest.
I can distinguish these animals by asking the question:
- Is it living in the forest?
Wonderful! I've learned so much about animals!

Would you like to play again?
> No

Au revoir
You think of an animal, and I guess it.
Press enter when you're ready.
> 
Can it climbs tree?
> yes
Is it living in the forest?
> sure
Is it a lynx?
> right
I won!

Would you like to play again?
> No

Te visurum
]]></system-out>
  <system-err><![CDATA[java.io.FileNotFoundException: animals.json (No such file or directory)
	at java.base/java.io.FileInputStream.open0(Native Method)
	at java.base/java.io.FileInputStream.open(FileInputStream.java:219)
	at java.base/java.io.FileInputStream.<init>(FileInputStream.java:157)
	at com.fasterxml.jackson.core.JsonFactory.createParser(JsonFactory.java:916)
	at com.fasterxml.jackson.databind.ObjectMapper.readValue(ObjectMapper.java:3331)
	at animals.service.MapperHelper.loadKnowledge(MapperHelper.java:56)
	at animals.userInterface.UI.initRoutine(UI.java:43)
	at animals.userInterface.UI.start(UI.java:23)
	at animals.Main.main(Main.java:17)
	at java.base/jdk.internal.reflect.NativeMethodAccessorImpl.invoke0(Native Method)
	at java.base/jdk.internal.reflect.NativeMethodAccessorImpl.invoke(NativeMethodAccessorImpl.java:62)
	at java.base/jdk.internal.reflect.DelegatingMethodAccessorImpl.invoke(DelegatingMethodAccessorImpl.java:43)
	at java.base/java.lang.reflect.Method.invoke(Method.java:566)
	at org.hyperskill.hstest.testing.execution.MainMethodExecutor.invokeMain(MainMethodExecutor.java:153)
	at org.hyperskill.hstest.testing.execution.MainMethodExecutor.lambda$launch$0(MainMethodExecutor.java:179)
	at java.base/java.util.concurrent.Executors$RunnableAdapter.call(Executors.java:515)
	at java.base/java.util.concurrent.FutureTask.run(FutureTask.java:264)
	at java.base/java.util.concurrent.ThreadPoolExecutor.runWorker(ThreadPoolExecutor.java:1128)
	at java.base/java.util.concurrent.ThreadPoolExecutor$Worker.run(ThreadPoolExecutor.java:628)
	at java.base/java.lang.Thread.run(Thread.java:834)
java.io.FileNotFoundException: animals.json (No such file or directory)
	at java.base/java.io.FileInputStream.open0(Native Method)
	at java.base/java.io.FileInputStream.open(FileInputStream.java:219)
	at java.base/java.io.FileInputStream.<init>(FileInputStream.java:157)
	at com.fasterxml.jackson.core.JsonFactory.createParser(JsonFactory.java:916)
	at com.fasterxml.jackson.databind.ObjectMapper.readValue(ObjectMapper.java:3331)
	at animals.service.MapperHelper.loadKnowledge(MapperHelper.java:56)
	at animals.userInterface.UI.initRoutine(UI.java:43)
	at animals.userInterface.UI.start(UI.java:23)
	at animals.Main.main(Main.java:17)
	at java.base/jdk.internal.reflect.NativeMethodAccessorImpl.invoke0(Native Method)
	at java.base/jdk.internal.reflect.NativeMethodAccessorImpl.invoke(NativeMethodAccessorImpl.java:62)
	at java.base/jdk.internal.reflect.DelegatingMethodAccessorImpl.invoke(DelegatingMethodAccessorImpl.java:43)
	at java.base/java.lang.reflect.Method.invoke(Method.java:566)
	at org.hyperskill.hstest.testing.execution.MainMethodExecutor.invokeMain(MainMethodExecutor.java:153)
	at org.hyperskill.hstest.testing.execution.MainMethodExecutor.lambda$launch$0(MainMethodExecutor.java:179)
	at java.base/java.util.concurrent.Executors$RunnableAdapter.call(Executors.java:515)
	at java.base/java.util.concurrent.FutureTask.run(FutureTask.java:264)
	at java.base/java.util.concurrent.ThreadPoolExecutor.runWorker(ThreadPoolExecutor.java:1128)
	at java.base/java.util.concurrent.ThreadPoolExecutor$Worker.run(ThreadPoolExecutor.java:628)
	at java.base/java.lang.Thread.run(Thread.java:834)
java.io.FileNotFoundException: animals.json (No such file or directory)
	at java.base/java.io.FileInputStream.open0(Native Method)
	at java.base/java.io.FileInputStream.open(FileInputStream.java:219)
	at java.base/java.io.FileInputStream.<init>(FileInputStream.java:157)
	at com.fasterxml.jackson.core.JsonFactory.createParser(JsonFactory.java:916)
	at com.fasterxml.jackson.databind.ObjectMapper.readValue(ObjectMapper.java:3331)
	at animals.service.MapperHelper.loadKnowledge(MapperHelper.java:56)
	at animals.userInterface.UI.initRoutine(UI.java:43)
	at animals.userInterface.UI.start(UI.java:23)
	at animals.Main.main(Main.java:17)
	at java.base/jdk.internal.reflect.NativeMethodAccessorImpl.invoke0(Native Method)
	at java.base/jdk.internal.reflect.NativeMethodAccessorImpl.invoke(NativeMethodAccessorImpl.java:62)
	at java.base/jdk.internal.reflect.DelegatingMethodAccessorImpl.invoke(DelegatingMethodAccessorImpl.java:43)
	at java.base/java.lang.reflect.Method.invoke(Method.java:566)
	at org.hyperskill.hstest.testing.execution.MainMethodExecutor.invokeMain(MainMethodExecutor.java:153)
	at org.hyperskill.hstest.testing.execution.MainMethodExecutor.lambda$launch$0(MainMethodExecutor.java:179)
	at java.base/java.util.concurrent.Executors$RunnableAdapter.call(Executors.java:515)
	at java.base/java.util.concurrent.FutureTask.run(FutureTask.java:264)
	at java.base/java.util.concurrent.ThreadPoolExecutor.runWorker(ThreadPoolExecutor.java:1128)
	at java.base/java.util.concurrent.ThreadPoolExecutor$Worker.run(ThreadPoolExecutor.java:628)
	at java.base/java.lang.Thread.run(Thread.java:834)
java.io.FileNotFoundException: animals.json (No such file or directory)
	at java.base/java.io.FileInputStream.open0(Native Method)
	at java.base/java.io.FileInputStream.open(FileInputStream.java:219)
	at java.base/java.io.FileInputStream.<init>(FileInputStream.java:157)
	at com.fasterxml.jackson.core.JsonFactory.createParser(JsonFactory.java:916)
	at com.fasterxml.jackson.databind.ObjectMapper.readValue(ObjectMapper.java:3331)
	at animals.service.MapperHelper.loadKnowledge(MapperHelper.java:56)
	at animals.userInterface.UI.initRoutine(UI.java:43)
	at animals.userInterface.UI.start(UI.java:23)
	at animals.Main.main(Main.java:17)
	at java.base/jdk.internal.reflect.NativeMethodAccessorImpl.invoke0(Native Method)
	at java.base/jdk.internal.reflect.NativeMethodAccessorImpl.invoke(NativeMethodAccessorImpl.java:62)
	at java.base/jdk.internal.reflect.DelegatingMethodAccessorImpl.invoke(DelegatingMethodAccessorImpl.java:43)
	at java.base/java.lang.reflect.Method.invoke(Method.java:566)
	at org.hyperskill.hstest.testing.execution.MainMethodExecutor.invokeMain(MainMethodExecutor.java:153)
	at org.hyperskill.hstest.testing.execution.MainMethodExecutor.lambda$launch$0(MainMethodExecutor.java:179)
	at java.base/java.util.concurrent.Executors$RunnableAdapter.call(Executors.java:515)
	at java.base/java.util.concurrent.FutureTask.run(FutureTask.java:264)
	at java.base/java.util.concurrent.ThreadPoolExecutor.runWorker(ThreadPoolExecutor.java:1128)
	at java.base/java.util.concurrent.ThreadPoolExecutor$Worker.run(ThreadPoolExecutor.java:628)
	at java.base/java.lang.Thread.run(Thread.java:834)
java.io.FileNotFoundException: animals.json (No such file or directory)
	at java.base/java.io.FileInputStream.open0(Native Method)
	at java.base/java.io.FileInputStream.open(FileInputStream.java:219)
	at java.base/java.io.FileInputStream.<init>(FileInputStream.java:157)
	at com.fasterxml.jackson.core.JsonFactory.createParser(JsonFactory.java:916)
	at com.fasterxml.jackson.databind.ObjectMapper.readValue(ObjectMapper.java:3331)
	at animals.service.MapperHelper.loadKnowledge(MapperHelper.java:56)
	at animals.userInterface.UI.initRoutine(UI.java:43)
	at animals.userInterface.UI.start(UI.java:23)
	at animals.Main.main(Main.java:17)
	at java.base/jdk.internal.reflect.NativeMethodAccessorImpl.invoke0(Native Method)
	at java.base/jdk.internal.reflect.NativeMethodAccessorImpl.invoke(NativeMethodAccessorImpl.java:62)
	at java.base/jdk.internal.reflect.DelegatingMethodAccessorImpl.invoke(DelegatingMethodAccessorImpl.java:43)
	at java.base/java.lang.reflect.Method.invoke(Method.java:566)
	at org.hyperskill.hstest.testing.execution.MainMethodExecutor.invokeMain(MainMethodExecutor.java:153)
	at org.hyperskill.hstest.testing.execution.MainMethodExecutor.lambda$launch$0(MainMethodExecutor.java:179)
	at java.base/java.util.concurrent.Executors$RunnableAdapter.call(Executors.java:515)
	at java.base/java.util.concurrent.FutureTask.run(FutureTask.java:264)
	at java.base/java.util.concurrent.ThreadPoolExecutor.runWorker(ThreadPoolExecutor.java:1128)
	at java.base/java.util.concurrent.ThreadPoolExecutor$Worker.run(ThreadPoolExecutor.java:628)
	at java.base/java.lang.Thread.run(Thread.java:834)
java.io.FileNotFoundException: animals.json (No such file or directory)
	at java.base/java.io.FileInputStream.open0(Native Method)
	at java.base/java.io.FileInputStream.open(FileInputStream.java:219)
	at java.base/java.io.FileInputStream.<init>(FileInputStream.java:157)
	at com.fasterxml.jackson.core.JsonFactory.createParser(JsonFactory.java:916)
	at com.fasterxml.jackson.databind.ObjectMapper.readValue(ObjectMapper.java:3331)
	at animals.service.MapperHelper.loadKnowledge(MapperHelper.java:56)
	at animals.userInterface.UI.initRoutine(UI.java:43)
	at animals.userInterface.UI.start(UI.java:23)
	at animals.Main.main(Main.java:17)
	at java.base/jdk.internal.reflect.NativeMethodAccessorImpl.invoke0(Native Method)
	at java.base/jdk.internal.reflect.NativeMethodAccessorImpl.invoke(NativeMethodAccessorImpl.java:62)
	at java.base/jdk.internal.reflect.DelegatingMethodAccessorImpl.invoke(DelegatingMethodAccessorImpl.java:43)
	at java.base/java.lang.reflect.Method.invoke(Method.java:566)
	at org.hyperskill.hstest.testing.execution.MainMethodExecutor.invokeMain(MainMethodExecutor.java:153)
	at org.hyperskill.hstest.testing.execution.MainMethodExecutor.lambda$launch$0(MainMethodExecutor.java:179)
	at java.base/java.util.concurrent.Executors$RunnableAdapter.call(Executors.java:515)
	at java.base/java.util.concurrent.FutureTask.run(FutureTask.java:264)
	at java.base/java.util.concurrent.ThreadPoolExecutor.runWorker(ThreadPoolExecutor.java:1128)
	at java.base/java.util.concurrent.ThreadPoolExecutor$Worker.run(ThreadPoolExecutor.java:628)
	at java.base/java.lang.Thread.run(Thread.java:834)
java.io.FileNotFoundException: animals.json (No such file or directory)
	at java.base/java.io.FileInputStream.open0(Native Method)
	at java.base/java.io.FileInputStream.open(FileInputStream.java:219)
	at java.base/java.io.FileInputStream.<init>(FileInputStream.java:157)
	at com.fasterxml.jackson.core.JsonFactory.createParser(JsonFactory.java:916)
	at com.fasterxml.jackson.databind.ObjectMapper.readValue(ObjectMapper.java:3331)
	at animals.service.MapperHelper.loadKnowledge(MapperHelper.java:56)
	at animals.userInterface.UI.initRoutine(UI.java:43)
	at animals.userInterface.UI.start(UI.java:23)
	at animals.Main.main(Main.java:17)
	at java.base/jdk.internal.reflect.NativeMethodAccessorImpl.invoke0(Native Method)
	at java.base/jdk.internal.reflect.NativeMethodAccessorImpl.invoke(NativeMethodAccessorImpl.java:62)
	at java.base/jdk.internal.reflect.DelegatingMethodAccessorImpl.invoke(DelegatingMethodAccessorImpl.java:43)
	at java.base/java.lang.reflect.Method.invoke(Method.java:566)
	at org.hyperskill.hstest.testing.execution.MainMethodExecutor.invokeMain(MainMethodExecutor.java:153)
	at org.hyperskill.hstest.testing.execution.MainMethodExecutor.lambda$launch$0(MainMethodExecutor.java:179)
	at java.base/java.util.concurrent.Executors$RunnableAdapter.call(Executors.java:515)
	at java.base/java.util.concurrent.FutureTask.run(FutureTask.java:264)
	at java.base/java.util.concurrent.ThreadPoolExecutor.runWorker(ThreadPoolExecutor.java:1128)
	at java.base/java.util.concurrent.ThreadPoolExecutor$Worker.run(ThreadPoolExecutor.java:628)
	at java.base/java.lang.Thread.run(Thread.java:834)
java.io.FileNotFoundException: animals.json (No such file or directory)
	at java.base/java.io.FileInputStream.open0(Native Method)
	at java.base/java.io.FileInputStream.open(FileInputStream.java:219)
	at java.base/java.io.FileInputStream.<init>(FileInputStream.java:157)
	at com.fasterxml.jackson.core.JsonFactory.createParser(JsonFactory.java:916)
	at com.fasterxml.jackson.databind.ObjectMapper.readValue(ObjectMapper.java:3331)
	at animals.service.MapperHelper.loadKnowledge(MapperHelper.java:56)
	at animals.userInterface.UI.initRoutine(UI.java:43)
	at animals.userInterface.UI.start(UI.java:23)
	at animals.Main.main(Main.java:17)
	at java.base/jdk.internal.reflect.NativeMethodAccessorImpl.invoke0(Native Method)
	at java.base/jdk.internal.reflect.NativeMethodAccessorImpl.invoke(NativeMethodAccessorImpl.java:62)
	at java.base/jdk.internal.reflect.DelegatingMethodAccessorImpl.invoke(DelegatingMethodAccessorImpl.java:43)
	at java.base/java.lang.reflect.Method.invoke(Method.java:566)
	at org.hyperskill.hstest.testing.execution.MainMethodExecutor.invokeMain(MainMethodExecutor.java:153)
	at org.hyperskill.hstest.testing.execution.MainMethodExecutor.lambda$launch$0(MainMethodExecutor.java:179)
	at java.base/java.util.concurrent.Executors$RunnableAdapter.call(Executors.java:515)
	at java.base/java.util.concurrent.FutureTask.run(FutureTask.java:264)
	at java.base/java.util.concurrent.ThreadPoolExecutor.runWorker(ThreadPoolExecutor.java:1128)
	at java.base/java.util.concurrent.ThreadPoolExecutor$Worker.run(ThreadPoolExecutor.java:628)
	at java.base/java.lang.Thread.run(Thread.java:834)
java.io.FileNotFoundException: animals.json (No such file or directory)
	at java.base/java.io.FileInputStream.open0(Native Method)
	at java.base/java.io.FileInputStream.open(FileInputStream.java:219)
	at java.base/java.io.FileInputStream.<init>(FileInputStream.java:157)
	at com.fasterxml.jackson.core.JsonFactory.createParser(JsonFactory.java:916)
	at com.fasterxml.jackson.databind.ObjectMapper.readValue(ObjectMapper.java:3331)
	at animals.service.MapperHelper.loadKnowledge(MapperHelper.java:56)
	at animals.userInterface.UI.initRoutine(UI.java:43)
	at animals.userInterface.UI.start(UI.java:23)
	at animals.Main.main(Main.java:17)
	at java.base/jdk.internal.reflect.NativeMethodAccessorImpl.invoke0(Native Method)
	at java.base/jdk.internal.reflect.NativeMethodAccessorImpl.invoke(NativeMethodAccessorImpl.java:62)
	at java.base/jdk.internal.reflect.DelegatingMethodAccessorImpl.invoke(DelegatingMethodAccessorImpl.java:43)
	at java.base/java.lang.reflect.Method.invoke(Method.java:566)
	at org.hyperskill.hstest.testing.execution.MainMethodExecutor.invokeMain(MainMethodExecutor.java:153)
	at org.hyperskill.hstest.testing.execution.MainMethodExecutor.lambda$launch$0(MainMethodExecutor.java:179)
	at java.base/java.util.concurrent.Executors$RunnableAdapter.call(Executors.java:515)
	at java.base/java.util.concurrent.FutureTask.run(FutureTask.java:264)
	at java.base/java.util.concurrent.ThreadPoolExecutor.runWorker(ThreadPoolExecutor.java:1128)
	at java.base/java.util.concurrent.ThreadPoolExecutor$Worker.run(ThreadPoolExecutor.java:628)
	at java.base/java.lang.Thread.run(Thread.java:834)
java.io.FileNotFoundException: animals.json (No such file or directory)
	at java.base/java.io.FileInputStream.open0(Native Method)
	at java.base/java.io.FileInputStream.open(FileInputStream.java:219)
	at java.base/java.io.FileInputStream.<init>(FileInputStream.java:157)
	at com.fasterxml.jackson.core.JsonFactory.createParser(JsonFactory.java:916)
	at com.fasterxml.jackson.databind.ObjectMapper.readValue(ObjectMapper.java:3331)
	at animals.service.MapperHelper.loadKnowledge(MapperHelper.java:56)
	at animals.userInterface.UI.initRoutine(UI.java:43)
	at animals.userInterface.UI.start(UI.java:23)
	at animals.Main.main(Main.java:17)
	at java.base/jdk.internal.reflect.NativeMethodAccessorImpl.invoke0(Native Method)
	at java.base/jdk.internal.reflect.NativeMethodAccessorImpl.invoke(NativeMethodAccessorImpl.java:62)
	at java.base/jdk.internal.reflect.DelegatingMethodAccessorImpl.invoke(DelegatingMethodAccessorImpl.java:43)
	at java.base/java.lang.reflect.Method.invoke(Method.java:566)
	at org.hyperskill.hstest.testing.execution.MainMethodExecutor.invokeMain(MainMethodExecutor.java:153)
	at org.hyperskill.hstest.testing.execution.MainMethodExecutor.lambda$launch$0(MainMethodExecutor.java:179)
	at java.base/java.util.concurrent.Executors$RunnableAdapter.call(Executors.java:515)
	at java.base/java.util.concurrent.FutureTask.run(FutureTask.java:264)
	at java.base/java.util.concurrent.ThreadPoolExecutor.runWorker(ThreadPoolExecutor.java:1128)
	at java.base/java.util.concurrent.ThreadPoolExecutor$Worker.run(ThreadPoolExecutor.java:628)
	at java.base/java.lang.Thread.run(Thread.java:834)
java.io.FileNotFoundException: animals.json (No such file or directory)
	at java.base/java.io.FileInputStream.open0(Native Method)
	at java.base/java.io.FileInputStream.open(FileInputStream.java:219)
	at java.base/java.io.FileInputStream.<init>(FileInputStream.java:157)
	at com.fasterxml.jackson.core.JsonFactory.createParser(JsonFactory.java:916)
	at com.fasterxml.jackson.databind.ObjectMapper.readValue(ObjectMapper.java:3331)
	at animals.service.MapperHelper.loadKnowledge(MapperHelper.java:56)
	at animals.userInterface.UI.initRoutine(UI.java:43)
	at animals.userInterface.UI.start(UI.java:23)
	at animals.Main.main(Main.java:17)
	at java.base/jdk.internal.reflect.NativeMethodAccessorImpl.invoke0(Native Method)
	at java.base/jdk.internal.reflect.NativeMethodAccessorImpl.invoke(NativeMethodAccessorImpl.java:62)
	at java.base/jdk.internal.reflect.DelegatingMethodAccessorImpl.invoke(DelegatingMethodAccessorImpl.java:43)
	at java.base/java.lang.reflect.Method.invoke(Method.java:566)
	at org.hyperskill.hstest.testing.execution.MainMethodExecutor.invokeMain(MainMethodExecutor.java:153)
	at org.hyperskill.hstest.testing.execution.MainMethodExecutor.lambda$launch$0(MainMethodExecutor.java:179)
	at java.base/java.util.concurrent.Executors$RunnableAdapter.call(Executors.java:515)
	at java.base/java.util.concurrent.FutureTask.run(FutureTask.java:264)
	at java.base/java.util.concurrent.ThreadPoolExecutor.runWorker(ThreadPoolExecutor.java:1128)
	at java.base/java.util.concurrent.ThreadPoolExecutor$Worker.run(ThreadPoolExecutor.java:628)
	at java.base/java.lang.Thread.run(Thread.java:834)
java.io.FileNotFoundException: animals.json (No such file or directory)
	at java.base/java.io.FileInputStream.open0(Native Method)
	at java.base/java.io.FileInputStream.open(FileInputStream.java:219)
	at java.base/java.io.FileInputStream.<init>(FileInputStream.java:157)
	at com.fasterxml.jackson.core.JsonFactory.createParser(JsonFactory.java:916)
	at com.fasterxml.jackson.databind.ObjectMapper.readValue(ObjectMapper.java:3331)
	at animals.service.MapperHelper.loadKnowledge(MapperHelper.java:56)
	at animals.userInterface.UI.initRoutine(UI.java:43)
	at animals.userInterface.UI.start(UI.java:23)
	at animals.Main.main(Main.java:17)
	at java.base/jdk.internal.reflect.NativeMethodAccessorImpl.invoke0(Native Method)
	at java.base/jdk.internal.reflect.NativeMethodAccessorImpl.invoke(NativeMethodAccessorImpl.java:62)
	at java.base/jdk.internal.reflect.DelegatingMethodAccessorImpl.invoke(DelegatingMethodAccessorImpl.java:43)
	at java.base/java.lang.reflect.Method.invoke(Method.java:566)
	at org.hyperskill.hstest.testing.execution.MainMethodExecutor.invokeMain(MainMethodExecutor.java:153)
	at org.hyperskill.hstest.testing.execution.MainMethodExecutor.lambda$launch$0(MainMethodExecutor.java:179)
	at java.base/java.util.concurrent.Executors$RunnableAdapter.call(Executors.java:515)
	at java.base/java.util.concurrent.FutureTask.run(FutureTask.java:264)
	at java.base/java.util.concurrent.ThreadPoolExecutor.runWorker(ThreadPoolExecutor.java:1128)
	at java.base/java.util.concurrent.ThreadPoolExecutor$Worker.run(ThreadPoolExecutor.java:628)
	at java.base/java.lang.Thread.run(Thread.java:834)
java.io.FileNotFoundException: animals.json (No such file or directory)
	at java.base/java.io.FileInputStream.open0(Native Method)
	at java.base/java.io.FileInputStream.open(FileInputStream.java:219)
	at java.base/java.io.FileInputStream.<init>(FileInputStream.java:157)
	at com.fasterxml.jackson.core.JsonFactory.createParser(JsonFactory.java:916)
	at com.fasterxml.jackson.databind.ObjectMapper.readValue(ObjectMapper.java:3331)
	at animals.service.MapperHelper.loadKnowledge(MapperHelper.java:56)
	at animals.userInterface.UI.initRoutine(UI.java:43)
	at animals.userInterface.UI.start(UI.java:23)
	at animals.Main.main(Main.java:17)
	at java.base/jdk.internal.reflect.NativeMethodAccessorImpl.invoke0(Native Method)
	at java.base/jdk.internal.reflect.NativeMethodAccessorImpl.invoke(NativeMethodAccessorImpl.java:62)
	at java.base/jdk.internal.reflect.DelegatingMethodAccessorImpl.invoke(DelegatingMethodAccessorImpl.java:43)
	at java.base/java.lang.reflect.Method.invoke(Method.java:566)
	at org.hyperskill.hstest.testing.execution.MainMethodExecutor.invokeMain(MainMethodExecutor.java:153)
	at org.hyperskill.hstest.testing.execution.MainMethodExecutor.lambda$launch$0(MainMethodExecutor.java:179)
	at java.base/java.util.concurrent.Executors$RunnableAdapter.call(Executors.java:515)
	at java.base/java.util.concurrent.FutureTask.run(FutureTask.java:264)
	at java.base/java.util.concurrent.ThreadPoolExecutor.runWorker(ThreadPoolExecutor.java:1128)
	at java.base/java.util.concurrent.ThreadPoolExecutor$Worker.run(ThreadPoolExecutor.java:628)
	at java.base/java.lang.Thread.run(Thread.java:834)
java.io.FileNotFoundException: animals.json (No such file or directory)
	at java.base/java.io.FileInputStream.open0(Native Method)
	at java.base/java.io.FileInputStream.open(FileInputStream.java:219)
	at java.base/java.io.FileInputStream.<init>(FileInputStream.java:157)
	at com.fasterxml.jackson.core.JsonFactory.createParser(JsonFactory.java:916)
	at com.fasterxml.jackson.databind.ObjectMapper.readValue(ObjectMapper.java:3331)
	at animals.service.MapperHelper.loadKnowledge(MapperHelper.java:56)
	at animals.userInterface.UI.initRoutine(UI.java:43)
	at animals.userInterface.UI.start(UI.java:23)
	at animals.Main.main(Main.java:17)
	at java.base/jdk.internal.reflect.NativeMethodAccessorImpl.invoke0(Native Method)
	at java.base/jdk.internal.reflect.NativeMethodAccessorImpl.invoke(NativeMethodAccessorImpl.java:62)
	at java.base/jdk.internal.reflect.DelegatingMethodAccessorImpl.invoke(DelegatingMethodAccessorImpl.java:43)
	at java.base/java.lang.reflect.Method.invoke(Method.java:566)
	at org.hyperskill.hstest.testing.execution.MainMethodExecutor.invokeMain(MainMethodExecutor.java:153)
	at org.hyperskill.hstest.testing.execution.MainMethodExecutor.lambda$launch$0(MainMethodExecutor.java:179)
	at java.base/java.util.concurrent.Executors$RunnableAdapter.call(Executors.java:515)
	at java.base/java.util.concurrent.FutureTask.run(FutureTask.java:264)
	at java.base/java.util.concurrent.ThreadPoolExecutor.runWorker(ThreadPoolExecutor.java:1128)
	at java.base/java.util.concurrent.ThreadPoolExecutor$Worker.run(ThreadPoolExecutor.java:628)
	at java.base/java.lang.Thread.run(Thread.java:834)
java.io.FileNotFoundException: animals.json (No such file or directory)
	at java.base/java.io.FileInputStream.open0(Native Method)
	at java.base/java.io.FileInputStream.open(FileInputStream.java:219)
	at java.base/java.io.FileInputStream.<init>(FileInputStream.java:157)
	at com.fasterxml.jackson.core.JsonFactory.createParser(JsonFactory.java:916)
	at com.fasterxml.jackson.databind.ObjectMapper.readValue(ObjectMapper.java:3331)
	at animals.service.MapperHelper.loadKnowledge(MapperHelper.java:56)
	at animals.userInterface.UI.initRoutine(UI.java:43)
	at animals.userInterface.UI.start(UI.java:23)
	at animals.Main.main(Main.java:17)
	at java.base/jdk.internal.reflect.NativeMethodAccessorImpl.invoke0(Native Method)
	at java.base/jdk.internal.reflect.NativeMethodAccessorImpl.invoke(NativeMethodAccessorImpl.java:62)
	at java.base/jdk.internal.reflect.DelegatingMethodAccessorImpl.invoke(DelegatingMethodAccessorImpl.java:43)
	at java.base/java.lang.reflect.Method.invoke(Method.java:566)
	at org.hyperskill.hstest.testing.execution.MainMethodExecutor.invokeMain(MainMethodExecutor.java:153)
	at org.hyperskill.hstest.testing.execution.MainMethodExecutor.lambda$launch$0(MainMethodExecutor.java:179)
	at java.base/java.util.concurrent.Executors$RunnableAdapter.call(Executors.java:515)
	at java.base/java.util.concurrent.FutureTask.run(FutureTask.java:264)
	at java.base/java.util.concurrent.ThreadPoolExecutor.runWorker(ThreadPoolExecutor.java:1128)
	at java.base/java.util.concurrent.ThreadPoolExecutor$Worker.run(ThreadPoolExecutor.java:628)
	at java.base/java.lang.Thread.run(Thread.java:834)
java.io.FileNotFoundException: animals.json (No such file or directory)
	at java.base/java.io.FileInputStream.open0(Native Method)
	at java.base/java.io.FileInputStream.open(FileInputStream.java:219)
	at java.base/java.io.FileInputStream.<init>(FileInputStream.java:157)
	at com.fasterxml.jackson.core.JsonFactory.createParser(JsonFactory.java:916)
	at com.fasterxml.jackson.databind.ObjectMapper.readValue(ObjectMapper.java:3331)
	at animals.service.MapperHelper.loadKnowledge(MapperHelper.java:56)
	at animals.userInterface.UI.initRoutine(UI.java:43)
	at animals.userInterface.UI.start(UI.java:23)
	at animals.Main.main(Main.java:17)
	at java.base/jdk.internal.reflect.NativeMethodAccessorImpl.invoke0(Native Method)
	at java.base/jdk.internal.reflect.NativeMethodAccessorImpl.invoke(NativeMethodAccessorImpl.java:62)
	at java.base/jdk.internal.reflect.DelegatingMethodAccessorImpl.invoke(DelegatingMethodAccessorImpl.java:43)
	at java.base/java.lang.reflect.Method.invoke(Method.java:566)
	at org.hyperskill.hstest.testing.execution.MainMethodExecutor.invokeMain(MainMethodExecutor.java:153)
	at org.hyperskill.hstest.testing.execution.MainMethodExecutor.lambda$launch$0(MainMethodExecutor.java:179)
	at java.base/java.util.concurrent.Executors$RunnableAdapter.call(Executors.java:515)
	at java.base/java.util.concurrent.FutureTask.run(FutureTask.java:264)
	at java.base/java.util.concurrent.ThreadPoolExecutor.runWorker(ThreadPoolExecutor.java:1128)
	at java.base/java.util.concurrent.ThreadPoolExecutor$Worker.run(ThreadPoolExecutor.java:628)
	at java.base/java.lang.Thread.run(Thread.java:834)
java.io.FileNotFoundException: animals.json (No such file or directory)
	at java.base/java.io.FileInputStream.open0(Native Method)
	at java.base/java.io.FileInputStream.open(FileInputStream.java:219)
	at java.base/java.io.FileInputStream.<init>(FileInputStream.java:157)
	at com.fasterxml.jackson.core.JsonFactory.createParser(JsonFactory.java:916)
	at com.fasterxml.jackson.databind.ObjectMapper.readValue(ObjectMapper.java:3331)
	at animals.service.MapperHelper.loadKnowledge(MapperHelper.java:56)
	at animals.userInterface.UI.initRoutine(UI.java:43)
	at animals.userInterface.UI.start(UI.java:23)
	at animals.Main.main(Main.java:17)
	at java.base/jdk.internal.reflect.NativeMethodAccessorImpl.invoke0(Native Method)
	at java.base/jdk.internal.reflect.NativeMethodAccessorImpl.invoke(NativeMethodAccessorImpl.java:62)
	at java.base/jdk.internal.reflect.DelegatingMethodAccessorImpl.invoke(DelegatingMethodAccessorImpl.java:43)
	at java.base/java.lang.reflect.Method.invoke(Method.java:566)
	at org.hyperskill.hstest.testing.execution.MainMethodExecutor.invokeMain(MainMethodExecutor.java:153)
	at org.hyperskill.hstest.testing.execution.MainMethodExecutor.lambda$launch$0(MainMethodExecutor.java:179)
	at java.base/java.util.concurrent.Executors$RunnableAdapter.call(Executors.java:515)
	at java.base/java.util.concurrent.FutureTask.run(FutureTask.java:264)
	at java.base/java.util.concurrent.ThreadPoolExecutor.runWorker(ThreadPoolExecutor.java:1128)
	at java.base/java.util.concurrent.ThreadPoolExecutor$Worker.run(ThreadPoolExecutor.java:628)
	at java.base/java.lang.Thread.run(Thread.java:834)
java.io.FileNotFoundException: animals.json (No such file or directory)
	at java.base/java.io.FileInputStream.open0(Native Method)
	at java.base/java.io.FileInputStream.open(FileInputStream.java:219)
	at java.base/java.io.FileInputStream.<init>(FileInputStream.java:157)
	at com.fasterxml.jackson.core.JsonFactory.createParser(JsonFactory.java:916)
	at com.fasterxml.jackson.databind.ObjectMapper.readValue(ObjectMapper.java:3331)
	at animals.service.MapperHelper.loadKnowledge(MapperHelper.java:56)
	at animals.userInterface.UI.initRoutine(UI.java:43)
	at animals.userInterface.UI.start(UI.java:23)
	at animals.Main.main(Main.java:17)
	at java.base/jdk.internal.reflect.NativeMethodAccessorImpl.invoke0(Native Method)
	at java.base/jdk.internal.reflect.NativeMethodAccessorImpl.invoke(NativeMethodAccessorImpl.java:62)
	at java.base/jdk.internal.reflect.DelegatingMethodAccessorImpl.invoke(DelegatingMethodAccessorImpl.java:43)
	at java.base/java.lang.reflect.Method.invoke(Method.java:566)
	at org.hyperskill.hstest.testing.execution.MainMethodExecutor.invokeMain(MainMethodExecutor.java:153)
	at org.hyperskill.hstest.testing.execution.MainMethodExecutor.lambda$launch$0(MainMethodExecutor.java:179)
	at java.base/java.util.concurrent.Executors$RunnableAdapter.call(Executors.java:515)
	at java.base/java.util.concurrent.FutureTask.run(FutureTask.java:264)
	at java.base/java.util.concurrent.ThreadPoolExecutor.runWorker(ThreadPoolExecutor.java:1128)
	at java.base/java.util.concurrent.ThreadPoolExecutor$Worker.run(ThreadPoolExecutor.java:628)
	at java.base/java.lang.Thread.run(Thread.java:834)
java.io.FileNotFoundException: animals.json (No such file or directory)
	at java.base/java.io.FileInputStream.open0(Native Method)
	at java.base/java.io.FileInputStream.open(FileInputStream.java:219)
	at java.base/java.io.FileInputStream.<init>(FileInputStream.java:157)
	at com.fasterxml.jackson.core.JsonFactory.createParser(JsonFactory.java:916)
	at com.fasterxml.jackson.databind.ObjectMapper.readValue(ObjectMapper.java:3331)
	at animals.service.MapperHelper.loadKnowledge(MapperHelper.java:56)
	at animals.userInterface.UI.initRoutine(UI.java:43)
	at animals.userInterface.UI.start(UI.java:23)
	at animals.Main.main(Main.java:17)
	at java.base/jdk.internal.reflect.NativeMethodAccessorImpl.invoke0(Native Method)
	at java.base/jdk.internal.reflect.NativeMethodAccessorImpl.invoke(NativeMethodAccessorImpl.java:62)
	at java.base/jdk.internal.reflect.DelegatingMethodAccessorImpl.invoke(DelegatingMethodAccessorImpl.java:43)
	at java.base/java.lang.reflect.Method.invoke(Method.java:566)
	at org.hyperskill.hstest.testing.execution.MainMethodExecutor.invokeMain(MainMethodExecutor.java:153)
	at org.hyperskill.hstest.testing.execution.MainMethodExecutor.lambda$launch$0(MainMethodExecutor.java:179)
	at java.base/java.util.concurrent.Executors$RunnableAdapter.call(Executors.java:515)
	at java.base/java.util.concurrent.FutureTask.run(FutureTask.java:264)
	at java.base/java.util.concurrent.ThreadPoolExecutor.runWorker(ThreadPoolExecutor.java:1128)
	at java.base/java.util.concurrent.ThreadPoolExecutor$Worker.run(ThreadPoolExecutor.java:628)
	at java.base/java.lang.Thread.run(Thread.java:834)
java.io.FileNotFoundException: animals.json (No such file or directory)
	at java.base/java.io.FileInputStream.open0(Native Method)
	at java.base/java.io.FileInputStream.open(FileInputStream.java:219)
	at java.base/java.io.FileInputStream.<init>(FileInputStream.java:157)
	at com.fasterxml.jackson.core.JsonFactory.createParser(JsonFactory.java:916)
	at com.fasterxml.jackson.databind.ObjectMapper.readValue(ObjectMapper.java:3331)
	at animals.service.MapperHelper.loadKnowledge(MapperHelper.java:56)
	at animals.userInterface.UI.initRoutine(UI.java:43)
	at animals.userInterface.UI.start(UI.java:23)
	at animals.Main.main(Main.java:17)
	at java.base/jdk.internal.reflect.NativeMethodAccessorImpl.invoke0(Native Method)
	at java.base/jdk.internal.reflect.NativeMethodAccessorImpl.invoke(NativeMethodAccessorImpl.java:62)
	at java.base/jdk.internal.reflect.DelegatingMethodAccessorImpl.invoke(DelegatingMethodAccessorImpl.java:43)
	at java.base/java.lang.reflect.Method.invoke(Method.java:566)
	at org.hyperskill.hstest.testing.execution.MainMethodExecutor.invokeMain(MainMethodExecutor.java:153)
	at org.hyperskill.hstest.testing.execution.MainMethodExecutor.lambda$launch$0(MainMethodExecutor.java:179)
	at java.base/java.util.concurrent.Executors$RunnableAdapter.call(Executors.java:515)
	at java.base/java.util.concurrent.FutureTask.run(FutureTask.java:264)
	at java.base/java.util.concurrent.ThreadPoolExecutor.runWorker(ThreadPoolExecutor.java:1128)
	at java.base/java.util.concurrent.ThreadPoolExecutor$Worker.run(ThreadPoolExecutor.java:628)
	at java.base/java.lang.Thread.run(Thread.java:834)
java.io.FileNotFoundException: animals.json (No such file or directory)
	at java.base/java.io.FileInputStream.open0(Native Method)
	at java.base/java.io.FileInputStream.open(FileInputStream.java:219)
	at java.base/java.io.FileInputStream.<init>(FileInputStream.java:157)
	at com.fasterxml.jackson.core.JsonFactory.createParser(JsonFactory.java:916)
	at com.fasterxml.jackson.databind.ObjectMapper.readValue(ObjectMapper.java:3331)
	at animals.service.MapperHelper.loadKnowledge(MapperHelper.java:56)
	at animals.userInterface.UI.initRoutine(UI.java:43)
	at animals.userInterface.UI.start(UI.java:23)
	at animals.Main.main(Main.java:17)
	at java.base/jdk.internal.reflect.NativeMethodAccessorImpl.invoke0(Native Method)
	at java.base/jdk.internal.reflect.NativeMethodAccessorImpl.invoke(NativeMethodAccessorImpl.java:62)
	at java.base/jdk.internal.reflect.DelegatingMethodAccessorImpl.invoke(DelegatingMethodAccessorImpl.java:43)
	at java.base/java.lang.reflect.Method.invoke(Method.java:566)
	at org.hyperskill.hstest.testing.execution.MainMethodExecutor.invokeMain(MainMethodExecutor.java:153)
	at org.hyperskill.hstest.testing.execution.MainMethodExecutor.lambda$launch$0(MainMethodExecutor.java:179)
	at java.base/java.util.concurrent.Executors$RunnableAdapter.call(Executors.java:515)
	at java.base/java.util.concurrent.FutureTask.run(FutureTask.java:264)
	at java.base/java.util.concurrent.ThreadPoolExecutor.runWorker(ThreadPoolExecutor.java:1128)
	at java.base/java.util.concurrent.ThreadPoolExecutor$Worker.run(ThreadPoolExecutor.java:628)
	at java.base/java.lang.Thread.run(Thread.java:834)
java.io.FileNotFoundException: animals.json (No such file or directory)
	at java.base/java.io.FileInputStream.open0(Native Method)
	at java.base/java.io.FileInputStream.open(FileInputStream.java:219)
	at java.base/java.io.FileInputStream.<init>(FileInputStream.java:157)
	at com.fasterxml.jackson.core.JsonFactory.createParser(JsonFactory.java:916)
	at com.fasterxml.jackson.databind.ObjectMapper.readValue(ObjectMapper.java:3331)
	at animals.service.MapperHelper.loadKnowledge(MapperHelper.java:56)
	at animals.userInterface.UI.initRoutine(UI.java:43)
	at animals.userInterface.UI.start(UI.java:23)
	at animals.Main.main(Main.java:17)
	at java.base/jdk.internal.reflect.NativeMethodAccessorImpl.invoke0(Native Method)
	at java.base/jdk.internal.reflect.NativeMethodAccessorImpl.invoke(NativeMethodAccessorImpl.java:62)
	at java.base/jdk.internal.reflect.DelegatingMethodAccessorImpl.invoke(DelegatingMethodAccessorImpl.java:43)
	at java.base/java.lang.reflect.Method.invoke(Method.java:566)
	at org.hyperskill.hstest.testing.execution.MainMethodExecutor.invokeMain(MainMethodExecutor.java:153)
	at org.hyperskill.hstest.testing.execution.MainMethodExecutor.lambda$launch$0(MainMethodExecutor.java:179)
	at java.base/java.util.concurrent.Executors$RunnableAdapter.call(Executors.java:515)
	at java.base/java.util.concurrent.FutureTask.run(FutureTask.java:264)
	at java.base/java.util.concurrent.ThreadPoolExecutor.runWorker(ThreadPoolExecutor.java:1128)
	at java.base/java.util.concurrent.ThreadPoolExecutor$Worker.run(ThreadPoolExecutor.java:628)
	at java.base/java.lang.Thread.run(Thread.java:834)
java.io.FileNotFoundException: animals.json (No such file or directory)
	at java.base/java.io.FileInputStream.open0(Native Method)
	at java.base/java.io.FileInputStream.open(FileInputStream.java:219)
	at java.base/java.io.FileInputStream.<init>(FileInputStream.java:157)
	at com.fasterxml.jackson.core.JsonFactory.createParser(JsonFactory.java:916)
	at com.fasterxml.jackson.databind.ObjectMapper.readValue(ObjectMapper.java:3331)
	at animals.service.MapperHelper.loadKnowledge(MapperHelper.java:56)
	at animals.userInterface.UI.initRoutine(UI.java:43)
	at animals.userInterface.UI.start(UI.java:23)
	at animals.Main.main(Main.java:17)
	at java.base/jdk.internal.reflect.NativeMethodAccessorImpl.invoke0(Native Method)
	at java.base/jdk.internal.reflect.NativeMethodAccessorImpl.invoke(NativeMethodAccessorImpl.java:62)
	at java.base/jdk.internal.reflect.DelegatingMethodAccessorImpl.invoke(DelegatingMethodAccessorImpl.java:43)
	at java.base/java.lang.reflect.Method.invoke(Method.java:566)
	at org.hyperskill.hstest.testing.execution.MainMethodExecutor.invokeMain(MainMethodExecutor.java:153)
	at org.hyperskill.hstest.testing.execution.MainMethodExecutor.lambda$launch$0(MainMethodExecutor.java:179)
	at java.base/java.util.concurrent.Executors$RunnableAdapter.call(Executors.java:515)
	at java.base/java.util.concurrent.FutureTask.run(FutureTask.java:264)
	at java.base/java.util.concurrent.ThreadPoolExecutor.runWorker(ThreadPoolExecutor.java:1128)
	at java.base/java.util.concurrent.ThreadPoolExecutor$Worker.run(ThreadPoolExecutor.java:628)
[...]
	at java.base/java.lang.reflect.Method.invoke(Method.java:566)
	at org.hyperskill.hstest.testing.execution.MainMethodExecutor.invokeMain(MainMethodExecutor.java:153)
	at org.hyperskill.hstest.testing.execution.MainMethodExecutor.lambda$launch$0(MainMethodExecutor.java:179)
	at java.base/java.util.concurrent.Executors$RunnableAdapter.call(Executors.java:515)
	at java.base/java.util.concurrent.FutureTask.run(FutureTask.java:264)
	at java.base/java.util.concurrent.ThreadPoolExecutor.runWorker(ThreadPoolExecutor.java:1128)
	at java.base/java.util.concurrent.ThreadPoolExecutor$Worker.run(ThreadPoolExecutor.java:628)
	at java.base/java.lang.Thread.run(Thread.java:834)
java.io.FileNotFoundException: animals.json (No such file or directory)
	at java.base/java.io.FileInputStream.open0(Native Method)
	at java.base/java.io.FileInputStream.open(FileInputStream.java:219)
	at java.base/java.io.FileInputStream.<init>(FileInputStream.java:157)
	at com.fasterxml.jackson.core.JsonFactory.createParser(JsonFactory.java:916)
	at com.fasterxml.jackson.databind.ObjectMapper.readValue(ObjectMapper.java:3331)
	at animals.service.MapperHelper.loadKnowledge(MapperHelper.java:56)
	at animals.userInterface.UI.initRoutine(UI.java:43)
	at animals.userInterface.UI.start(UI.java:23)
	at animals.Main.main(Main.java:17)
	at java.base/jdk.internal.reflect.NativeMethodAccessorImpl.invoke0(Native Method)
	at java.base/jdk.internal.reflect.NativeMethodAccessorImpl.invoke(NativeMethodAccessorImpl.java:62)
	at java.base/jdk.internal.reflect.DelegatingMethodAccessorImpl.invoke(DelegatingMethodAccessorImpl.java:43)
	at java.base/java.lang.reflect.Method.invoke(Method.java:566)
	at org.hyperskill.hstest.testing.execution.MainMethodExecutor.invokeMain(MainMethodExecutor.java:153)
	at org.hyperskill.hstest.testing.execution.MainMethodExecutor.lambda$launch$0(MainMethodExecutor.java:179)
	at java.base/java.util.concurrent.Executors$RunnableAdapter.call(Executors.java:515)
	at java.base/java.util.concurrent.FutureTask.run(FutureTask.java:264)
	at java.base/java.util.concurrent.ThreadPoolExecutor.runWorker(ThreadPoolExecutor.java:1128)
	at java.base/java.util.concurrent.ThreadPoolExecutor$Worker.run(ThreadPoolExecutor.java:628)
	at java.base/java.lang.Thread.run(Thread.java:834)
java.io.FileNotFoundException: animals.json (No such file or directory)
	at java.base/java.io.FileInputStream.open0(Native Method)
	at java.base/java.io.FileInputStream.open(FileInputStream.java:219)
	at java.base/java.io.FileInputStream.<init>(FileInputStream.java:157)
	at com.fasterxml.jackson.core.JsonFactory.createParser(JsonFactory.java:916)
	at com.fasterxml.jackson.databind.ObjectMapper.readValue(ObjectMapper.java:3331)
	at animals.service.MapperHelper.loadKnowledge(MapperHelper.java:56)
	at animals.userInterface.UI.initRoutine(UI.java:43)
	at animals.userInterface.UI.start(UI.java:23)
	at animals.Main.main(Main.java:17)
	at java.base/jdk.internal.reflect.NativeMethodAccessorImpl.invoke0(Native Method)
	at java.base/jdk.internal.reflect.NativeMethodAccessorImpl.invoke(NativeMethodAccessorImpl.java:62)
	at java.base/jdk.internal.reflect.DelegatingMethodAccessorImpl.invoke(DelegatingMethodAccessorImpl.java:43)
	at java.base/java.lang.reflect.Method.invoke(Method.java:566)
	at org.hyperskill.hstest.testing.execution.MainMethodExecutor.invokeMain(MainMethodExecutor.java:153)
	at org.hyperskill.hstest.testing.execution.MainMethodExecutor.lambda$launch$0(MainMethodExecutor.java:179)
	at java.base/java.util.concurrent.Executors$RunnableAdapter.call(Executors.java:515)
	at java.base/java.util.concurrent.FutureTask.run(FutureTask.java:264)
	at java.base/java.util.concurrent.ThreadPoolExecutor.runWorker(ThreadPoolExecutor.java:1128)
	at java.base/java.util.concurrent.ThreadPoolExecutor$Worker.run(ThreadPoolExecutor.java:628)
	at java.base/java.lang.Thread.run(Thread.java:834)
java.io.FileNotFoundException: animals.json (No such file or directory)
	at java.base/java.io.FileInputStream.open0(Native Method)
	at java.base/java.io.FileInputStream.open(FileInputStream.java:219)
	at java.base/java.io.FileInputStream.<init>(FileInputStream.java:157)
	at com.fasterxml.jackson.core.JsonFactory.createParser(JsonFactory.java:916)
	at com.fasterxml.jackson.databind.ObjectMapper.readValue(ObjectMapper.java:3331)
	at animals.service.MapperHelper.loadKnowledge(MapperHelper.java:56)
	at animals.userInterface.UI.initRoutine(UI.java:43)
	at animals.userInterface.UI.start(UI.java:23)
	at animals.Main.main(Main.java:17)
	at java.base/jdk.internal.reflect.NativeMethodAccessorImpl.invoke0(Native Method)
	at java.base/jdk.internal.reflect.NativeMethodAccessorImpl.invoke(NativeMethodAccessorImpl.java:62)
	at java.base/jdk.internal.reflect.DelegatingMethodAccessorImpl.invoke(DelegatingMethodAccessorImpl.java:43)
	at java.base/java.lang.reflect.Method.invoke(Method.java:566)
	at org.hyperskill.hstest.testing.execution.MainMethodExecutor.invokeMain(MainMethodExecutor.java:153)
	at org.hyperskill.hstest.testing.execution.MainMethodExecutor.lambda$launch$0(MainMethodExecutor.java:179)
	at java.base/java.util.concurrent.Executors$RunnableAdapter.call(Executors.java:515)
	at java.base/java.util.concurrent.FutureTask.run(FutureTask.java:264)
	at java.base/java.util.concurrent.ThreadPoolExecutor.runWorker(ThreadPoolExecutor.java:1128)
	at java.base/java.util.concurrent.ThreadPoolExecutor$Worker.run(ThreadPoolExecutor.java:628)
	at java.base/java.lang.Thread.run(Thread.java:834)
java.io.FileNotFoundException: animals.json (No such file or directory)
	at java.base/java.io.FileInputStream.open0(Native Method)
	at java.base/java.io.FileInputStream.open(FileInputStream.java:219)
	at java.base/java.io.FileInputStream.<init>(FileInputStream.java:157)
	at com.fasterxml.jackson.core.JsonFactory.createParser(JsonFactory.java:916)
	at com.fasterxml.jackson.databind.ObjectMapper.readValue(ObjectMapper.java:3331)
	at animals.service.MapperHelper.loadKnowledge(MapperHelper.java:56)
	at animals.userInterface.UI.initRoutine(UI.java:43)
	at animals.userInterface.UI.start(UI.java:23)
	at animals.Main.main(Main.java:17)
	at java.base/jdk.internal.reflect.NativeMethodAccessorImpl.invoke0(Native Method)
	at java.base/jdk.internal.reflect.NativeMethodAccessorImpl.invoke(NativeMethodAccessorImpl.java:62)
	at java.base/jdk.internal.reflect.DelegatingMethodAccessorImpl.invoke(DelegatingMethodAccessorImpl.java:43)
	at java.base/java.lang.reflect.Method.invoke(Method.java:566)
	at org.hyperskill.hstest.testing.execution.MainMethodExecutor.invokeMain(MainMethodExecutor.java:153)
	at org.hyperskill.hstest.testing.execution.MainMethodExecutor.lambda$launch$0(MainMethodExecutor.java:179)
	at java.base/java.util.concurrent.Executors$RunnableAdapter.call(Executors.java:515)
	at java.base/java.util.concurrent.FutureTask.run(FutureTask.java:264)
	at java.base/java.util.concurrent.ThreadPoolExecutor.runWorker(ThreadPoolExecutor.java:1128)
	at java.base/java.util.concurrent.ThreadPoolExecutor$Worker.run(ThreadPoolExecutor.java:628)
	at java.base/java.lang.Thread.run(Thread.java:834)
java.io.FileNotFoundException: animals.json (No such file or directory)
	at java.base/java.io.FileInputStream.open0(Native Method)
	at java.base/java.io.FileInputStream.open(FileInputStream.java:219)
	at java.base/java.io.FileInputStream.<init>(FileInputStream.java:157)
	at com.fasterxml.jackson.core.JsonFactory.createParser(JsonFactory.java:916)
	at com.fasterxml.jackson.databind.ObjectMapper.readValue(ObjectMapper.java:3331)
	at animals.service.MapperHelper.loadKnowledge(MapperHelper.java:56)
	at animals.userInterface.UI.initRoutine(UI.java:43)
	at animals.userInterface.UI.start(UI.java:23)
	at animals.Main.main(Main.java:17)
	at java.base/jdk.internal.reflect.NativeMethodAccessorImpl.invoke0(Native Method)
	at java.base/jdk.internal.reflect.NativeMethodAccessorImpl.invoke(NativeMethodAccessorImpl.java:62)
	at java.base/jdk.internal.reflect.DelegatingMethodAccessorImpl.invoke(DelegatingMethodAccessorImpl.java:43)
	at java.base/java.lang.reflect.Method.invoke(Method.java:566)
	at org.hyperskill.hstest.testing.execution.MainMethodExecutor.invokeMain(MainMethodExecutor.java:153)
	at org.hyperskill.hstest.testing.execution.MainMethodExecutor.lambda$launch$0(MainMethodExecutor.java:179)
	at java.base/java.util.concurrent.Executors$RunnableAdapter.call(Executors.java:515)
	at java.base/java.util.concurrent.FutureTask.run(FutureTask.java:264)
	at java.base/java.util.concurrent.ThreadPoolExecutor.runWorker(ThreadPoolExecutor.java:1128)
	at java.base/java.util.concurrent.ThreadPoolExecutor$Worker.run(ThreadPoolExecutor.java:628)
	at java.base/java.lang.Thread.run(Thread.java:834)
java.io.FileNotFoundException: animals.json (No such file or directory)
	at java.base/java.io.FileInputStream.open0(Native Method)
	at java.base/java.io.FileInputStream.open(FileInputStream.java:219)
	at java.base/java.io.FileInputStream.<init>(FileInputStream.java:157)
	at com.fasterxml.jackson.core.JsonFactory.createParser(JsonFactory.java:916)
	at com.fasterxml.jackson.databind.ObjectMapper.readValue(ObjectMapper.java:3331)
	at animals.service.MapperHelper.loadKnowledge(MapperHelper.java:56)
	at animals.userInterface.UI.initRoutine(UI.java:43)
	at animals.userInterface.UI.start(UI.java:23)
	at animals.Main.main(Main.java:17)
	at java.base/jdk.internal.reflect.NativeMethodAccessorImpl.invoke0(Native Method)
	at java.base/jdk.internal.reflect.NativeMethodAccessorImpl.invoke(NativeMethodAccessorImpl.java:62)
	at java.base/jdk.internal.reflect.DelegatingMethodAccessorImpl.invoke(DelegatingMethodAccessorImpl.java:43)
	at java.base/java.lang.reflect.Method.invoke(Method.java:566)
	at org.hyperskill.hstest.testing.execution.MainMethodExecutor.invokeMain(MainMethodExecutor.java:153)
	at org.hyperskill.hstest.testing.execution.MainMethodExecutor.lambda$launch$0(MainMethodExecutor.java:179)
	at java.base/java.util.concurrent.Executors$RunnableAdapter.call(Executors.java:515)
	at java.base/java.util.concurrent.FutureTask.run(FutureTask.java:264)
	at java.base/java.util.concurrent.ThreadPoolExecutor.runWorker(ThreadPoolExecutor.java:1128)
	at java.base/java.util.concurrent.ThreadPoolExecutor$Worker.run(ThreadPoolExecutor.java:628)
	at java.base/java.lang.Thread.run(Thread.java:834)
java.io.FileNotFoundException: animals.json (No such file or directory)
	at java.base/java.io.FileInputStream.open0(Native Method)
	at java.base/java.io.FileInputStream.open(FileInputStream.java:219)
	at java.base/java.io.FileInputStream.<init>(FileInputStream.java:157)
	at com.fasterxml.jackson.core.JsonFactory.createParser(JsonFactory.java:916)
	at com.fasterxml.jackson.databind.ObjectMapper.readValue(ObjectMapper.java:3331)
	at animals.service.MapperHelper.loadKnowledge(MapperHelper.java:56)
	at animals.userInterface.UI.initRoutine(UI.java:43)
	at animals.userInterface.UI.start(UI.java:23)
	at animals.Main.main(Main.java:17)
	at java.base/jdk.internal.reflect.NativeMethodAccessorImpl.invoke0(Native Method)
	at java.base/jdk.internal.reflect.NativeMethodAccessorImpl.invoke(NativeMethodAccessorImpl.java:62)
	at java.base/jdk.internal.reflect.DelegatingMethodAccessorImpl.invoke(DelegatingMethodAccessorImpl.java:43)
	at java.base/java.lang.reflect.Method.invoke(Method.java:566)
	at org.hyperskill.hstest.testing.execution.MainMethodExecutor.invokeMain(MainMethodExecutor.java:153)
	at org.hyperskill.hstest.testing.execution.MainMethodExecutor.lambda$launch$0(MainMethodExecutor.java:179)
	at java.base/java.util.concurrent.Executors$RunnableAdapter.call(Executors.java:515)
	at java.base/java.util.concurrent.FutureTask.run(FutureTask.java:264)
	at java.base/java.util.concurrent.ThreadPoolExecutor.runWorker(ThreadPoolExecutor.java:1128)
	at java.base/java.util.concurrent.ThreadPoolExecutor$Worker.run(ThreadPoolExecutor.java:628)
	at java.base/java.lang.Thread.run(Thread.java:834)
java.io.FileNotFoundException: animals.json (No such file or directory)
	at java.base/java.io.FileInputStream.open0(Native Method)
	at java.base/java.io.FileInputStream.open(FileInputStream.java:219)
	at java.base/java.io.FileInputStream.<init>(FileInputStream.java:157)
	at com.fasterxml.jackson.core.JsonFactory.createParser(JsonFactory.java:916)
	at com.fasterxml.jackson.databind.ObjectMapper.readValue(ObjectMapper.java:3331)
	at animals.service.MapperHelper.loadKnowledge(MapperHelper.java:56)
	at animals.userInterface.UI.initRoutine(UI.java:43)
	at animals.userInterface.UI.start(UI.java:23)
	at animals.Main.main(Main.java:17)
	at java.base/jdk.internal.reflect.NativeMethodAccessorImpl.invoke0(Native Method)
	at java.base/jdk.internal.reflect.NativeMethodAccessorImpl.invoke(NativeMethodAccessorImpl.java:62)
	at java.base/jdk.internal.reflect.DelegatingMethodAccessorImpl.invoke(DelegatingMethodAccessorImpl.java:43)
	at java.base/java.lang.reflect.Method.invoke(Method.java:566)
	at org.hyperskill.hstest.testing.execution.MainMethodExecutor.invokeMain(MainMethodExecutor.java:153)
	at org.hyperskill.hstest.testing.execution.MainMethodExecutor.lambda$launch$0(MainMethodExecutor.java:179)
	at java.base/java.util.concurrent.Executors$RunnableAdapter.call(Executors.java:515)
	at java.base/java.util.concurrent.FutureTask.run(FutureTask.java:264)
	at java.base/java.util.concurrent.ThreadPoolExecutor.runWorker(ThreadPoolExecutor.java:1128)
	at java.base/java.util.concurrent.ThreadPoolExecutor$Worker.run(ThreadPoolExecutor.java:628)
	at java.base/java.lang.Thread.run(Thread.java:834)
java.io.FileNotFoundException: animals.json (No such file or directory)
	at java.base/java.io.FileInputStream.open0(Native Method)
	at java.base/java.io.FileInputStream.open(FileInputStream.java:219)
	at java.base/java.io.FileInputStream.<init>(FileInputStream.java:157)
	at com.fasterxml.jackson.core.JsonFactory.createParser(JsonFactory.java:916)
	at com.fasterxml.jackson.databind.ObjectMapper.readValue(ObjectMapper.java:3331)
	at animals.service.MapperHelper.loadKnowledge(MapperHelper.java:56)
	at animals.userInterface.UI.initRoutine(UI.java:43)
	at animals.userInterface.UI.start(UI.java:23)
	at animals.Main.main(Main.java:17)
	at java.base/jdk.internal.reflect.NativeMethodAccessorImpl.invoke0(Native Method)
	at java.base/jdk.internal.reflect.NativeMethodAccessorImpl.invoke(NativeMethodAccessorImpl.java:62)
	at java.base/jdk.internal.reflect.DelegatingMethodAccessorImpl.invoke(DelegatingMethodAccessorImpl.java:43)
	at java.base/java.lang.reflect.Method.invoke(Method.java:566)
	at org.hyperskill.hstest.testing.execution.MainMethodExecutor.invokeMain(MainMethodExecutor.java:153)
	at org.hyperskill.hstest.testing.execution.MainMethodExecutor.lambda$launch$0(MainMethodExecutor.java:179)
	at java.base/java.util.concurrent.Executors$RunnableAdapter.call(Executors.java:515)
	at java.base/java.util.concurrent.FutureTask.run(FutureTask.java:264)
	at java.base/java.util.concurrent.ThreadPoolExecutor.runWorker(ThreadPoolExecutor.java:1128)
	at java.base/java.util.concurrent.ThreadPoolExecutor$Worker.run(ThreadPoolExecutor.java:628)
	at java.base/java.lang.Thread.run(Thread.java:834)
java.io.FileNotFoundException: animals.json (No such file or directory)
	at java.base/java.io.FileInputStream.open0(Native Method)
	at java.base/java.io.FileInputStream.open(FileInputStream.java:219)
	at java.base/java.io.FileInputStream.<init>(FileInputStream.java:157)
	at com.fasterxml.jackson.core.JsonFactory.createParser(JsonFactory.java:916)
	at com.fasterxml.jackson.databind.ObjectMapper.readValue(ObjectMapper.java:3331)
	at animals.service.MapperHelper.loadKnowledge(MapperHelper.java:56)
	at animals.userInterface.UI.initRoutine(UI.java:43)
	at animals.userInterface.UI.start(UI.java:23)
	at animals.Main.main(Main.java:17)
	at java.base/jdk.internal.reflect.NativeMethodAccessorImpl.invoke0(Native Method)
	at java.base/jdk.internal.reflect.NativeMethodAccessorImpl.invoke(NativeMethodAccessorImpl.java:62)
	at java.base/jdk.internal.reflect.DelegatingMethodAccessorImpl.invoke(DelegatingMethodAccessorImpl.java:43)
	at java.base/java.lang.reflect.Method.invoke(Method.java:566)
	at org.hyperskill.hstest.testing.execution.MainMethodExecutor.invokeMain(MainMethodExecutor.java:153)
	at org.hyperskill.hstest.testing.execution.MainMethodExecutor.lambda$launch$0(MainMethodExecutor.java:179)
	at java.base/java.util.concurrent.Executors$RunnableAdapter.call(Executors.java:515)
	at java.base/java.util.concurrent.FutureTask.run(FutureTask.java:264)
	at java.base/java.util.concurrent.ThreadPoolExecutor.runWorker(ThreadPoolExecutor.java:1128)
	at java.base/java.util.concurrent.ThreadPoolExecutor$Worker.run(ThreadPoolExecutor.java:628)
	at java.base/java.lang.Thread.run(Thread.java:834)
java.io.FileNotFoundException: animals.xml (No such file or directory)
	at java.base/java.io.FileInputStream.open0(Native Method)
	at java.base/java.io.FileInputStream.open(FileInputStream.java:219)
	at java.base/java.io.FileInputStream.<init>(FileInputStream.java:157)
	at com.fasterxml.jackson.core.JsonFactory.createParser(JsonFactory.java:916)
	at com.fasterxml.jackson.databind.ObjectMapper.readValue(ObjectMapper.java:3331)
	at animals.service.MapperHelper.loadKnowledge(MapperHelper.java:56)
	at animals.userInterface.UI.initRoutine(UI.java:43)
	at animals.userInterface.UI.start(UI.java:23)
	at animals.Main.main(Main.java:17)
	at java.base/jdk.internal.reflect.NativeMethodAccessorImpl.invoke0(Native Method)
	at java.base/jdk.internal.reflect.NativeMethodAccessorImpl.invoke(NativeMethodAccessorImpl.java:62)
	at java.base/jdk.internal.reflect.DelegatingMethodAccessorImpl.invoke(DelegatingMethodAccessorImpl.java:43)
	at java.base/java.lang.reflect.Method.invoke(Method.java:566)
	at org.hyperskill.hstest.testing.execution.MainMethodExecutor.invokeMain(MainMethodExecutor.java:153)
	at org.hyperskill.hstest.testing.execution.MainMethodExecutor.lambda$launch$0(MainMethodExecutor.java:179)
	at java.base/java.util.concurrent.Executors$RunnableAdapter.call(Executors.java:515)
	at java.base/java.util.concurrent.FutureTask.run(FutureTask.java:264)
	at java.base/java.util.concurrent.ThreadPoolExecutor.runWorker(ThreadPoolExecutor.java:1128)
	at java.base/java.util.concurrent.ThreadPoolExecutor$Worker.run(ThreadPoolExecutor.java:628)
	at java.base/java.lang.Thread.run(Thread.java:834)
java.io.FileNotFoundException: animals.yaml (No such file or directory)
	at java.base/java.io.FileInputStream.open0(Native Method)
	at java.base/java.io.FileInputStream.open(FileInputStream.java:219)
	at java.base/java.io.FileInputStream.<init>(FileInputStream.java:157)
	at com.fasterxml.jackson.dataformat.yaml.YAMLFactory.createParser(YAMLFactory.java:343)
	at com.fasterxml.jackson.dataformat.yaml.YAMLFactory.createParser(YAMLFactory.java:14)
	at com.fasterxml.jackson.databind.ObjectMapper.readValue(ObjectMapper.java:3331)
	at animals.service.MapperHelper.loadKnowledge(MapperHelper.java:56)
	at animals.userInterface.UI.initRoutine(UI.java:43)
	at animals.userInterface.UI.start(UI.java:23)
	at animals.Main.main(Main.java:17)
	at java.base/jdk.internal.reflect.NativeMethodAccessorImpl.invoke0(Native Method)
	at java.base/jdk.internal.reflect.NativeMethodAccessorImpl.invoke(NativeMethodAccessorImpl.java:62)
	at java.base/jdk.internal.reflect.DelegatingMethodAccessorImpl.invoke(DelegatingMethodAccessorImpl.java:43)
	at java.base/java.lang.reflect.Method.invoke(Method.java:566)
	at org.hyperskill.hstest.testing.execution.MainMethodExecutor.invokeMain(MainMethodExecutor.java:153)
	at org.hyperskill.hstest.testing.execution.MainMethodExecutor.lambda$launch$0(MainMethodExecutor.java:179)
	at java.base/java.util.concurrent.Executors$RunnableAdapter.call(Executors.java:515)
	at java.base/java.util.concurrent.FutureTask.run(FutureTask.java:264)
	at java.base/java.util.concurrent.ThreadPoolExecutor.runWorker(ThreadPoolExecutor.java:1128)
	at java.base/java.util.concurrent.ThreadPoolExecutor$Worker.run(ThreadPoolExecutor.java:628)
	at java.base/java.lang.Thread.run(Thread.java:834)
]]></system-err>
</testsuite>
